#
# A fatal error has been detected by the Java Runtime Environment:
#
#  EXCEPTION_ACCESS_VIOLATION (0xc0000005) at pc=0x00007ffa489bd1da, pid=9748, tid=23664
#
# JRE version: OpenJDK Runtime Environment Temurin-21.0.4+7 (21.0.4+7) (build 21.0.4+7-LTS)
# Java VM: OpenJDK 64-Bit Server VM Temurin-21.0.4+7 (21.0.4+7-LTS, mixed mode, sharing, tiered, compressed oops, compressed class ptrs, g1 gc, windows-amd64)
# Problematic frame:
# C  [lwjgl_opengl.dll+0xd1da]
#
# No core dump will be written. Minidumps are not enabled by default on client versions of Windows
#
# If you would like to submit a bug report, please visit:
#   https://github.com/adoptium/adoptium-support/issues
# The crash happened outside the Java Virtual Machine in native code.
# See problematic frame for where to report the bug.
#

---------------  S U M M A R Y ------------

Command Line: -Dfile.encoding=windows-1252 -Duser.country=DE -Duser.language=de -Duser.variant de.cdlemmi.vte.App

Host: AMD Ryzen 5 3600 6-Core Processor              , 12 cores, 15G,  Windows 10 , 64 bit Build 19041 (10.0.19041.4717)
Time: Mon Aug 19 22:30:11 2024 Mitteleuropäische Sommerzeit elapsed time: 0.527389 seconds (0d 0h 0m 0s)

---------------  T H R E A D  ---------------

Current thread (0x000001977c5437e0):  JavaThread "main"             [_thread_in_native, id=23664, stack(0x000000479f300000,0x000000479f400000) (1024K)]

Stack: [0x000000479f300000,0x000000479f400000],  sp=0x000000479f3ff088,  free space=1020k
Native frames: (J=compiled Java code, j=interpreted, Vv=VM code, C=native code)
C  [lwjgl_opengl.dll+0xd1da]

Java frames: (J=compiled Java code, j=interpreted, Vv=VM code)
j  org.lwjgl.opengl.GL11C.glClear(I)V+0
j  org.lwjgl.opengl.GL11.glClear(I)V+1
j  de.cdlemmi.vte.App.main([Ljava/lang/String;)V+23
v  ~StubRoutines::call_stub 0x000001970fb4100d

siginfo: EXCEPTION_ACCESS_VIOLATION (0xc0000005), reading address 0x0000000000000060


Registers:
RAX=0x0000000000000000, RBX=0x000001975f51dbc8, RCX=0x0000000000004100, RDX=0x000000479f3ff118
RSP=0x000000479f3ff088, RBP=0x000000479f3ff108, RSI=0x0000000000000000, RDI=0x000001970fb48988
R8 =0x0000000000004100, R9 =0x0000000000000002, R10=0x000001970fb4ce1c, R11=0x00000007104862d8
R12=0x0000000000000000, R13=0x000001975f51dbc0, R14=0x000000479f3ff128, R15=0x000001977c5437e0
RIP=0x00007ffa489bd1da, EFLAGS=0x0000000000010206


Register to memory mapping:

RAX=0x0 is null
RBX={method} {0x000001975f51dbd0} 'glClear' '(I)V' in 'org/lwjgl/opengl/GL11C'
RCX=0x0000000000004100 is an unknown value
RDX=0x000000479f3ff118 is pointing into the stack for thread: 0x000001977c5437e0
RSP=0x000000479f3ff088 is pointing into the stack for thread: 0x000001977c5437e0
RBP=0x000000479f3ff108 is pointing into the stack for thread: 0x000001977c5437e0
RSI=0x0 is null
RDI=0x000001970fb48988 is at code_begin+1480 in an Interpreter codelet
return entry points  [0x000001970fb483c0, 0x000001970fb48f60]  2976 bytes
R8 =0x0000000000004100 is an unknown value
R9 =0x0000000000000002 is an unknown value
R10=0x000001970fb4ce1c is at code_begin+1020 in an Interpreter codelet
native method entry point (kind = native)  [0x000001970fb4ca20, 0x000001970fb4d548]  2856 bytes
R11=0x00000007104862d8 is an oop: java.lang.Class 
{0x00000007104862d8} - klass: 'java/lang/Class'
 - ---- fields (total size 116 words):
 - private volatile transient 'classRedefinedCount' 'I' @12  0 (0x00000000)
 - injected 'klass' 'J' @16  1748571870400 (0x000001971f0154c0)
 - injected 'array_klass' 'J' @24  0 (0x0000000000000000)
 - injected 'oop_size' 'I' @32  116 (0x00000074)
 - injected 'static_oop_field_count' 'I' @36  0 (0x00000000)
 - private volatile transient 'cachedConstructor' 'Ljava/lang/reflect/Constructor;' @40  null (0x00000000)
 - private transient 'name' 'Ljava/lang/String;' @44  "org.lwjgl.opengl.GL11C"{0x0000000710486678} (0xe2090ccf)
 - private transient 'module' 'Ljava/lang/Module;' @48  a 'java/lang/Module'{0x0000000710a6a790} (0xe214d4f2)
 - private final 'classLoader' 'Ljava/lang/ClassLoader;' @52  a 'jdk/internal/loader/ClassLoaders$AppClassLoader'{0x0000000710a6a5d0} (0xe214d4ba)
 - private transient 'classData' 'Ljava/lang/Object;' @56  null (0x00000000)
 - private transient 'packageName' 'Ljava/lang/String;' @60  "org.lwjgl.opengl"{0x00000007107c4468} (0xe20f888d)
 - private final 'componentType' 'Ljava/lang/Class;' @64  null (0x00000000)
 - private volatile transient 'reflectionData' 'Ljava/lang/ref/SoftReference;' @68  null (0x00000000)
 - private volatile transient 'genericInfo' 'Lsun/reflect/generics/repository/ClassRepository;' @72  null (0x00000000)
 - private volatile transient 'enumConstants' '[Ljava/lang/Object;' @76  null (0x00000000)
 - private volatile transient 'enumConstantDirectory' 'Ljava/util/Map;' @80  null (0x00000000)
 - private volatile transient 'annotationData' 'Ljava/lang/Class$AnnotationData;' @84  null (0x00000000)
 - private volatile transient 'annotationType' 'Lsun/reflect/annotation/AnnotationType;' @88  null (0x00000000)
 - transient 'classValueMap' 'Ljava/lang/ClassValue$ClassValueMap;' @92  null (0x00000000)
 - injected 'protection_domain' 'Ljava/lang/Object;' @96  a 'java/security/ProtectionDomain'{0x00000007107f3840} (0xe20fe708)
 - injected 'signers_name' 'Ljava/lang/Object;' @100  null (0x00000000)
 - injected 'source_file' 'Ljava/lang/Object;' @104  null (0x00000000)
 - signature: Lorg/lwjgl/opengl/GL11C;
 - ---- static fields (0):
 - public static final 'GL_NEVER' 'I' @112  512 (0x00000200)
 - public static final 'GL_LESS' 'I' @116  513 (0x00000201)
 - public static final 'GL_EQUAL' 'I' @120  514 (0x00000202)
 - public static final 'GL_LEQUAL' 'I' @124  515 (0x00000203)
 - public static final 'GL_GREATER' 'I' @128  516 (0x00000204)
 - public static final 'GL_NOTEQUAL' 'I' @132  517 (0x00000205)
 - public static final 'GL_GEQUAL' 'I' @136  518 (0x00000206)
 - public static final 'GL_ALWAYS' 'I' @140  519 (0x00000207)
 - public static final 'GL_DEPTH_BUFFER_BIT' 'I' @144  256 (0x00000100)
 - public static final 'GL_STENCIL_BUFFER_BIT' 'I' @148  1024 (0x00000400)
 - public static final 'GL_COLOR_BUFFER_BIT' 'I' @152  16384 (0x00004000)
 - public static final 'GL_POINTS' 'I' @156  0 (0x00000000)
 - public static final 'GL_LINES' 'I' @160  1 (0x00000001)
 - public static final 'GL_LINE_LOOP' 'I' @164  2 (0x00000002)
 - public static final 'GL_LINE_STRIP' 'I' @168  3 (0x00000003)
 - public static final 'GL_TRIANGLES' 'I' @172  4 (0x00000004)
 - public static final 'GL_TRIANGLE_STRIP' 'I' @176  5 (0x00000005)
 - public static final 'GL_TRIANGLE_FAN' 'I' @180  6 (0x00000006)
 - public static final 'GL_QUADS' 'I' @184  7 (0x00000007)
 - public static final 'GL_ZERO' 'I' @188  0 (0x00000000)
 - public static final 'GL_ONE' 'I' @192  1 (0x00000001)
 - public static final 'GL_SRC_COLOR' 'I' @196  768 (0x00000300)
 - public static final 'GL_ONE_MINUS_SRC_COLOR' 'I' @200  769 (0x00000301)
 - public static final 'GL_SRC_ALPHA' 'I' @204  770 (0x00000302)
 - public static final 'GL_ONE_MINUS_SRC_ALPHA' 'I' @208  771 (0x00000303)
 - public static final 'GL_DST_ALPHA' 'I' @212  772 (0x00000304)
 - public static final 'GL_ONE_MINUS_DST_ALPHA' 'I' @216  773 (0x00000305)
 - public static final 'GL_DST_COLOR' 'I' @220  774 (0x00000306)
 - public static final 'GL_ONE_MINUS_DST_COLOR' 'I' @224  775 (0x00000307)
 - public static final 'GL_SRC_ALPHA_SATURATE' 'I' @228  776 (0x00000308)
 - public static final 'GL_TRUE' 'I' @232  1 (0x00000001)
 - public static final 'GL_FALSE' 'I' @236  0 (0x00000000)
 - public static final 'GL_BYTE' 'I' @240  5120 (0x00001400)
 - public static final 'GL_UNSIGNED_BYTE' 'I' @244  5121 (0x00001401)
 - public static final 'GL_SHORT' 'I' @248  5122 (0x00001402)
 - public static final 'GL_UNSIGNED_SHORT' 'I' @252  5123 (0x00001403)
 - public static final 'GL_INT' 'I' @256  5124 (0x00001404)
 - public static final 'GL_UNSIGNED_INT' 'I' @260  5125 (0x00001405)
 - public static final 'GL_FLOAT' 'I' @264  5126 (0x00001406)
 - public static final 'GL_DOUBLE' 'I' @268  5130 (0x0000140a)
 - public static final 'GL_NONE' 'I' @272  0 (0x00000000)
 - public static final 'GL_FRONT_LEFT' 'I' @276  1024 (0x00000400)
 - public static final 'GL_FRONT_RIGHT' 'I' @280  1025 (0x00000401)
 - public static final 'GL_BACK_LEFT' 'I' @284  1026 (0x00000402)
 - public static final 'GL_BACK_RIGHT' 'I' @288  1027 (0x00000403)
 - public static final 'GL_FRONT' 'I' @292  1028 (0x00000404)
 - public static final 'GL_BACK' 'I' @296  1029 (0x00000405)
 - public static final 'GL_LEFT' 'I' @300  1030 (0x00000406)
 - public static final 'GL_RIGHT' 'I' @304  1031 (0x00000407)
 - public static final 'GL_FRONT_AND_BACK' 'I' @308  1032 (0x00000408)
 - public static final 'GL_NO_ERROR' 'I' @312  0 (0x00000000)
 - public static final 'GL_INVALID_ENUM' 'I' @316  1280 (0x00000500)
 - public static final 'GL_INVALID_VALUE' 'I' @320  1281 (0x00000501)
 - public static final 'GL_INVALID_OPERATION' 'I' @324  1282 (0x00000502)
 - public static final 'GL_STACK_OVERFLOW' 'I' @328  1283 (0x00000503)
 - public static final 'GL_STACK_UNDERFLOW' 'I' @332  1284 (0x00000504)
 - public static final 'GL_OUT_OF_MEMORY' 'I' @336  1285 (0x00000505)
 - public static final 'GL_CW' 'I' @340  2304 (0x00000900)
 - public static final 'GL_CCW' 'I' @344  2305 (0x00000901)
 - public static final 'GL_POINT_SIZE' 'I' @348  2833 (0x00000b11)
 - public static final 'GL_POINT_SIZE_RANGE' 'I' @352  2834 (0x00000b12)
 - public static final 'GL_POINT_SIZE_GRANULARITY' 'I' @356  2835 (0x00000b13)
 - public static final 'GL_LINE_SMOOTH' 'I' @360  2848 (0x00000b20)
 - public static final 'GL_LINE_WIDTH' 'I' @364  2849 (0x00000b21)
 - public static final 'GL_LINE_WIDTH_RANGE' 'I' @368  2850 (0x00000b22)
 - public static final 'GL_LINE_WIDTH_GRANULARITY' 'I' @372  2851 (0x00000b23)
 - public static final 'GL_POLYGON_MODE' 'I' @376  2880 (0x00000b40)
 - public static final 'GL_POLYGON_SMOOTH' 'I' @380  2881 (0x00000b41)
 - public static final 'GL_CULL_FACE' 'I' @384  2884 (0x00000b44)
 - public static final 'GL_CULL_FACE_MODE' 'I' @388  2885 (0x00000b45)
 - public static final 'GL_FRONT_FACE' 'I' @392  2886 (0x00000b46)
 - public static final 'GL_DEPTH_RANGE' 'I' @396  2928 (0x00000b70)
 - public static final 'GL_DEPTH_TEST' 'I' @400  2929 (0x00000b71)
 - public static final 'GL_DEPTH_WRITEMASK' 'I' @404  2930 (0x00000b72)
 - public static final 'GL_DEPTH_CLEAR_VALUE' 'I' @408  2931 (0x00000b73)
 - public static final 'GL_DEPTH_FUNC' 'I' @412  2932 (0x00000b74)
 - public static final 'GL_STENCIL_TEST' 'I' @416  2960 (0x00000b90)
 - public static final 'GL_STENCIL_CLEAR_VALUE' 'I' @420  2961 (0x00000b91)
 - public static final 'GL_STENCIL_FUNC' 'I' @424  2962 (0x00000b92)
 - public static final 'GL_STENCIL_VALUE_MASK' 'I' @428  2963 (0x00000b93)
 - public static final 'GL_STENCIL_FAIL' 'I' @432  2964 (0x00000b94)
 - public static final 'GL_STENCIL_PASS_DEPTH_FAIL' 'I' @436  2965 (0x00000b95)
 - public static final 'GL_STENCIL_PASS_DEPTH_PASS' 'I' @440  2966 (0x00000b96)
 - public static final 'GL_STENCIL_REF' 'I' @444  2967 (0x00000b97)
 - public static final 'GL_STENCIL_WRITEMASK' 'I' @448  2968 (0x00000b98)
 - public static final 'GL_VIEWPORT' 'I' @452  2978 (0x00000ba2)
 - public static final 'GL_DITHER' 'I' @456  3024 (0x00000bd0)
 - public static final 'GL_BLEND_DST' 'I' @460  3040 (0x00000be0)
 - public static final 'GL_BLEND_SRC' 'I' @464  3041 (0x00000be1)
 - public static final 'GL_BLEND' 'I' @468  3042 (0x00000be2)
 - public static final 'GL_LOGIC_OP_MODE' 'I' @472  3056 (0x00000bf0)
 - public static final 'GL_COLOR_LOGIC_OP' 'I' @476  3058 (0x00000bf2)
 - public static final 'GL_DRAW_BUFFER' 'I' @480  3073 (0x00000c01)
 - public static final 'GL_READ_BUFFER' 'I' @484  3074 (0x00000c02)
 - public static final 'GL_SCISSOR_BOX' 'I' @488  3088 (0x00000c10)
 - public static final 'GL_SCISSOR_TEST' 'I' @492  3089 (0x00000c11)
 - public static final 'GL_COLOR_CLEAR_VALUE' 'I' @496  3106 (0x00000c22)
 - public static final 'GL_COLOR_WRITEMASK' 'I' @500  3107 (0x00000c23)
 - public static final 'GL_DOUBLEBUFFER' 'I' @504  3122 (0x00000c32)
 - public static final 'GL_STEREO' 'I' @508  3123 (0x00000c33)
 - public static final 'GL_LINE_SMOOTH_HINT' 'I' @512  3154 (0x00000c52)
 - public static final 'GL_POLYGON_SMOOTH_HINT' 'I' @516  3155 (0x00000c53)
 - public static final 'GL_UNPACK_SWAP_BYTES' 'I' @520  3312 (0x00000cf0)
 - public static final 'GL_UNPACK_LSB_FIRST' 'I' @524  3313 (0x00000cf1)
 - public static final 'GL_UNPACK_ROW_LENGTH' 'I' @528  3314 (0x00000cf2)
 - public static final 'GL_UNPACK_SKIP_ROWS' 'I' @532  3315 (0x00000cf3)
 - public static final 'GL_UNPACK_SKIP_PIXELS' 'I' @536  3316 (0x00000cf4)
 - public static final 'GL_UNPACK_ALIGNMENT' 'I' @540  3317 (0x00000cf5)
 - public static final 'GL_PACK_SWAP_BYTES' 'I' @544  3328 (0x00000d00)
 - public static final 'GL_PACK_LSB_FIRST' 'I' @548  3329 (0x00000d01)
 - public static final 'GL_PACK_ROW_LENGTH' 'I' @552  3330 (0x00000d02)
 - public static final 'GL_PACK_SKIP_ROWS' 'I' @556  3331 (0x00000d03)
 - public static final 'GL_PACK_SKIP_PIXELS' 'I' @560  3332 (0x00000d04)
 - public static final 'GL_PACK_ALIGNMENT' 'I' @564  3333 (0x00000d05)
 - public static final 'GL_MAX_TEXTURE_SIZE' 'I' @568  3379 (0x00000d33)
 - public static final 'GL_MAX_VIEWPORT_DIMS' 'I' @572  3386 (0x00000d3a)
 - public static final 'GL_SUBPIXEL_BITS' 'I' @576  3408 (0x00000d50)
 - public static final 'GL_TEXTURE_1D' 'I' @580  3552 (0x00000de0)
 - public static final 'GL_TEXTURE_2D' 'I' @584  3553 (0x00000de1)
 - public static final 'GL_TEXTURE_WIDTH' 'I' @588  4096 (0x00001000)
 - public static final 'GL_TEXTURE_HEIGHT' 'I' @592  4097 (0x00001001)
 - public static final 'GL_TEXTURE_INTERNAL_FORMAT' 'I' @596  4099 (0x00001003)
 - public static final 'GL_TEXTURE_BORDER_COLOR' 'I' @600  4100 (0x00001004)
 - public static final 'GL_DONT_CARE' 'I' @604  4352 (0x00001100)
 - public static final 'GL_FASTEST' 'I' @608  4353 (0x00001101)
 - public static final 'GL_NICEST' 'I' @612  4354 (0x00001102)
 - public static final 'GL_CLEAR' 'I' @616  5376 (0x00001500)
 - public static final 'GL_AND' 'I' @620  5377 (0x00001501)
 - public static final 'GL_AND_REVERSE' 'I' @624  5378 (0x00001502)
 - public static final 'GL_COPY' 'I' @628  5379 (0x00001503)
 - public static final 'GL_AND_INVERTED' 'I' @632  5380 (0x00001504)
 - public static final 'GL_NOOP' 'I' @636  5381 (0x00001505)
 - public static final 'GL_XOR' 'I' @640  5382 (0x00001506)
 - public static final 'GL_OR' 'I' @644  5383 (0x00001507)
 - public static final 'GL_NOR' 'I' @648  5384 (0x00001508)
 - public static final 'GL_EQUIV' 'I' @652  5385 (0x00001509)
 - public static final 'GL_INVERT' 'I' @656  5386 (0x0000150a)
 - public static final 'GL_OR_REVERSE' 'I' @660  5387 (0x0000150b)
 - public static final 'GL_COPY_INVERTED' 'I' @664  5388 (0x0000150c)
 - public static final 'GL_OR_INVERTED' 'I' @668  5389 (0x0000150d)
 - public static final 'GL_NAND' 'I' @672  5390 (0x0000150e)
 - public static final 'GL_SET' 'I' @676  5391 (0x0000150f)
 - public static final 'GL_TEXTURE' 'I' @680  5890 (0x00001702)
 - public static final 'GL_COLOR' 'I' @684  6144 (0x00001800)
 - public static final 'GL_DEPTH' 'I' @688  6145 (0x00001801)
 - public static final 'GL_STENCIL' 'I' @692  6146 (0x00001802)
 - public static final 'GL_STENCIL_INDEX' 'I' @696  6401 (0x00001901)
 - public static final 'GL_DEPTH_COMPONENT' 'I' @700  6402 (0x00001902)
 - public static final 'GL_RED' 'I' @704  6403 (0x00001903)
 - public static final 'GL_GREEN' 'I' @708  6404 (0x00001904)
 - public static final 'GL_BLUE' 'I' @712  6405 (0x00001905)
 - public static final 'GL_ALPHA' 'I' @716  6406 (0x00001906)
 - public static final 'GL_RGB' 'I' @720  6407 (0x00001907)
 - public static final 'GL_RGBA' 'I' @724  6408 (0x00001908)
 - public static final 'GL_POINT' 'I' @728  6912 (0x00001b00)
 - public static final 'GL_LINE' 'I' @732  6913 (0x00001b01)
 - public static final 'GL_FILL' 'I' @736  6914 (0x00001b02)
 - public static final 'GL_KEEP' 'I' @740  7680 (0x00001e00)
 - public static final 'GL_REPLACE' 'I' @744  7681 (0x00001e01)
 - public static final 'GL_INCR' 'I' @748  7682 (0x00001e02)
 - public static final 'GL_DECR' 'I' @752  7683 (0x00001e03)
 - public static final 'GL_VENDOR' 'I' @756  7936 (0x00001f00)
 - public static final 'GL_RENDERER' 'I' @760  7937 (0x00001f01)
 - public static final 'GL_VERSION' 'I' @764  7938 (0x00001f02)
 - public static final 'GL_EXTENSIONS' 'I' @768  7939 (0x00001f03)
 - public static final 'GL_NEAREST' 'I' @772  9728 (0x00002600)
 - public static final 'GL_LINEAR' 'I' @776  9729 (0x00002601)
 - public static final 'GL_NEAREST_MIPMAP_NEAREST' 'I' @780  9984 (0x00002700)
 - public static final 'GL_LINEAR_MIPMAP_NEAREST' 'I' @784  9985 (0x00002701)
 - public static final 'GL_NEAREST_MIPMAP_LINEAR' 'I' @788  9986 (0x00002702)
 - public static final 'GL_LINEAR_MIPMAP_LINEAR' 'I' @792  9987 (0x00002703)
 - public static final 'GL_TEXTURE_MAG_FILTER' 'I' @796  10240 (0x00002800)
 - public static final 'GL_TEXTURE_MIN_FILTER' 'I' @800  10241 (0x00002801)
 - public static final 'GL_TEXTURE_WRAP_S' 'I' @804  10242 (0x00002802)
 - public static final 'GL_TEXTURE_WRAP_T' 'I' @808  10243 (0x00002803)
 - public static final 'GL_REPEAT' 'I' @812  10497 (0x00002901)
 - public static final 'GL_POLYGON_OFFSET_FACTOR' 'I' @816  32824 (0x00008038)
 - public static final 'GL_POLYGON_OFFSET_UNITS' 'I' @820  10752 (0x00002a00)
 - public static final 'GL_POLYGON_OFFSET_POINT' 'I' @824  10753 (0x00002a01)
 - public static final 'GL_POLYGON_OFFSET_LINE' 'I' @828  10754 (0x00002a02)
 - public static final 'GL_POLYGON_OFFSET_FILL' 'I' @832  32823 (0x00008037)
 - public static final 'GL_R3_G3_B2' 'I' @836  10768 (0x00002a10)
 - public static final 'GL_RGB4' 'I' @840  32847 (0x0000804f)
 - public static final 'GL_RGB5' 'I' @844  32848 (0x00008050)
 - public static final 'GL_RGB8' 'I' @848  32849 (0x00008051)
 - public static final 'GL_RGB10' 'I' @852  32850 (0x00008052)
 - public static final 'GL_RGB12' 'I' @856  32851 (0x00008053)
 - public static final 'GL_RGB16' 'I' @860  32852 (0x00008054)
 - public static final 'GL_RGBA2' 'I' @864  32853 (0x00008055)
 - public static final 'GL_RGBA4' 'I' @868  32854 (0x00008056)
 - public static final 'GL_RGB5_A1' 'I' @872  32855 (0x00008057)
 - public static final 'GL_RGBA8' 'I' @876  32856 (0x00008058)
 - public static final 'GL_RGB10_A2' 'I' @880  32857 (0x00008059)
 - public static final 'GL_RGBA12' 'I' @884  32858 (0x0000805a)
 - public static final 'GL_RGBA16' 'I' @888  32859 (0x0000805b)
 - public static final 'GL_TEXTURE_RED_SIZE' 'I' @892  32860 (0x0000805c)
 - public static final 'GL_TEXTURE_GREEN_SIZE' 'I' @896  32861 (0x0000805d)
 - public static final 'GL_TEXTURE_BLUE_SIZE' 'I' @900  32862 (0x0000805e)
 - public static final 'GL_TEXTURE_ALPHA_SIZE' 'I' @904  32863 (0x0000805f)
 - public static final 'GL_PROXY_TEXTURE_1D' 'I' @908  32867 (0x00008063)
 - public static final 'GL_PROXY_TEXTURE_2D' 'I' @912  32868 (0x00008064)
 - public static final 'GL_TEXTURE_BINDING_1D' 'I' @916  32872 (0x00008068)
 - public static final 'GL_TEXTURE_BINDING_2D' 'I' @920  32873 (0x00008069)
 - public static final 'GL_VERTEX_ARRAY' 'I' @924  32884 (0x00008074)
R12=0x0 is null
R13=0x000001975f51dbc0 is pointing into metadata
R14=0x000000479f3ff128 is pointing into the stack for thread: 0x000001977c5437e0
R15=0x000001977c5437e0 is a thread

Top of Stack: (sp=0x000000479f3ff088)
0x000000479f3ff088:   000001970fb4ce4b 000001975f51dbc8
0x000000479f3ff098:   0000000000000000 0000000000000000
0x000000479f3ff0a8:   000001975f4d6bb0 000001975f4e0578
0x000000479f3ff0b8:   000001970fb4cadf 000000479f3ff0c0
0x000000479f3ff0c8:   000001975f51dbc0 0000000000000004
0x000000479f3ff0d8:   000001975f529708 0000000000000000
0x000000479f3ff0e8:   00000007104862d8 000001975f51dbc8
0x000000479f3ff0f8:   0000000000000000 000000479f3ff128
0x000000479f3ff108:   000000479f3ff178 000001970fb48860
0x000000479f3ff118:   00000007104862d8 000001970fb4a3d7
0x000000479f3ff128:   0000000000004100 000000479f3ff130
0x000000479f3ff138:   000001975f4e0551 0000000000000002
0x000000479f3ff148:   000001975f50acf0 0000000000000000
0x000000479f3ff158:   00000007107f3aa0 000001975f4e0578
0x000000479f3ff168:   000000479f3ff128 000000479f3ff188
0x000000479f3ff178:   000000479f3ff1d8 000001970fb48860
0x000000479f3ff188:   0000000000004100 000000479f3ff190
0x000000479f3ff198:   000001975f40035f 0000000000000005
0x000000479f3ff1a8:   000001975f400430 0000000000000000
0x000000479f3ff1b8:   0000000710becde0 000001975f4003a0
0x000000479f3ff1c8:   000000479f3ff188 000000479f3ff200
0x000000479f3ff1d8:   000000479f3ff3e0 000001970fb4100d
0x000000479f3ff1e8:   00000197635c3e30 0000000000000000
0x000000479f3ff1f8:   0000000710bee430 0000000710bed470
0x000000479f3ff208:   00007ffa85b9b86b 0000000000000000
0x000000479f3ff218:   000001977c301140 000001971de13030
0x000000479f3ff228:   000001977c300000 000001977c3002b4
0x000000479f3ff238:   0000000000000000 0000000000000050
0x000000479f3ff248:   000001977c300cc0 00000000000001c0
0x000000479f3ff258:   0000000000000000 0000000000000000
0x000000479f3ff268:   0000000000000050 0000000000000040
0x000000479f3ff278:   0000000000000020 000001977c3f0000 

Instructions: (pc=0x00007ffa489bd1da)
0x00007ffa489bd0da:   cc cc cc cc cc cc 48 8b 01 48 8b 40 18 4c 89 c1
0x00007ffa489bd0ea:   48 ff a0 58 0a 00 00 cc cc cc cc cc cc cc cc cc
0x00007ffa489bd0fa:   cc cc cc cc cc cc 48 8b 01 48 8b 40 18 4c 89 c1
0x00007ffa489bd10a:   48 ff a0 60 0a 00 00 cc cc cc cc cc cc cc cc cc
0x00007ffa489bd11a:   cc cc cc cc cc cc 48 8b 01 48 8b 40 18 4c 89 c1
0x00007ffa489bd12a:   48 ff a0 68 0a 00 00 cc cc cc cc cc cc cc cc cc
0x00007ffa489bd13a:   cc cc cc cc cc cc 44 89 ca 44 89 c0 44 8b 44 24
0x00007ffa489bd14a:   28 4c 8b 4c 24 30 48 8b 09 48 8b 49 18 4c 8b 91
0x00007ffa489bd15a:   70 0a 00 00 89 c1 49 ff e2 cc cc cc cc cc cc cc
0x00007ffa489bd16a:   cc cc cc cc cc cc 48 8b 01 48 8b 40 18 44 89 c1
0x00007ffa489bd17a:   48 ff 20 cc cc cc 48 8b 01 48 8b 40 18 44 89 c1
0x00007ffa489bd18a:   48 ff 60 08 cc cc 44 89 ca 48 8b 01 48 8b 40 18
0x00007ffa489bd19a:   48 8b 40 38 44 89 c1 48 ff e0 cc cc cc cc cc cc
0x00007ffa489bd1aa:   cc cc cc cc cc cc 44 89 ca 48 8b 01 48 8b 40 18
0x00007ffa489bd1ba:   48 8b 40 48 44 89 c1 48 ff e0 cc cc cc cc cc cc
0x00007ffa489bd1ca:   cc cc cc cc cc cc 48 8b 01 48 8b 40 18 44 89 c1
0x00007ffa489bd1da:   48 ff 60 60 cc cc 0f 28 cb 0f 28 c2 f3 0f 10 54
0x00007ffa489bd1ea:   24 28 f3 0f 10 5c 24 30 48 8b 01 48 8b 40 18 48
0x00007ffa489bd1fa:   8b 40 70 48 ff e0 0f 28 c2 48 8b 01 48 8b 40 18
0x00007ffa489bd20a:   48 ff 60 78 cc cc 48 8b 01 48 8b 40 18 44 89 c1
0x00007ffa489bd21a:   48 ff a0 88 00 00 00 cc cc cc cc cc cc cc cc cc
0x00007ffa489bd22a:   cc cc cc cc cc cc 44 89 ca 44 89 c0 44 0f b6 44
0x00007ffa489bd23a:   24 28 44 0f b6 4c 24 30 48 8b 09 48 8b 49 18 4c
0x00007ffa489bd24a:   8b 91 98 01 00 00 89 c1 49 ff e2 cc cc cc cc cc
0x00007ffa489bd25a:   cc cc cc cc cc cc 48 8b 01 48 8b 40 18 44 89 c1
0x00007ffa489bd26a:   48 ff a0 b8 01 00 00 cc cc cc cc cc cc cc cc cc
0x00007ffa489bd27a:   cc cc cc cc cc cc 48 8b 01 48 8b 40 18 44 89 c1
0x00007ffa489bd28a:   48 ff a0 c8 01 00 00 cc cc cc cc cc cc cc cc cc
0x00007ffa489bd29a:   cc cc cc cc cc cc 48 8b 01 48 8b 40 18 44 89 c1
0x00007ffa489bd2aa:   48 ff a0 d0 01 00 00 cc cc cc cc cc cc cc cc cc
0x00007ffa489bd2ba:   cc cc cc cc cc cc 0f 28 cb 0f 28 c2 48 8b 01 48
0x00007ffa489bd2ca:   8b 40 18 48 8b 80 d8 01 00 00 48 ff e0 cc cc cc 


Stack slot to memory mapping:

stack at sp + 0 slots: 0x000001970fb4ce4b is at code_begin+1067 in an Interpreter codelet
native method entry point (kind = native)  [0x000001970fb4ca20, 0x000001970fb4d548]  2856 bytes
stack at sp + 1 slots: {method} {0x000001975f51dbd0} 'glClear' '(I)V' in 'org/lwjgl/opengl/GL11C'
stack at sp + 2 slots: 0x0 is null
stack at sp + 3 slots: 0x0 is null
stack at sp + 4 slots: 0x000001975f4d6bb0 is pointing into metadata
stack at sp + 5 slots: {method} {0x000001975f4e0580} 'glClear' '(I)V' in 'org/lwjgl/opengl/GL11'
stack at sp + 6 slots: 0x000001970fb4cadf is at code_begin+191 in an Interpreter codelet
native method entry point (kind = native)  [0x000001970fb4ca20, 0x000001970fb4d548]  2856 bytes
stack at sp + 7 slots: 0x000000479f3ff0c0 is pointing into the stack for thread: 0x000001977c5437e0


---------------  P R O C E S S  ---------------

Threads class SMR info:
_java_thread_list=0x000001976a24ccc0, length=11, elements={
0x000001977c5437e0, 0x000001971de05e90, 0x000001971de07c60, 0x000001971de13310,
0x000001971de16000, 0x000001971de178a0, 0x000001971de18300, 0x000001971de260d0,
0x000001971de2eb80, 0x000001976314e3a0, 0x0000019763151400
}

Java Threads: ( => current thread )
=>0x000001977c5437e0 JavaThread "main"                              [_thread_in_native, id=23664, stack(0x000000479f300000,0x000000479f400000) (1024K)]
  0x000001971de05e90 JavaThread "Reference Handler"          daemon [_thread_blocked, id=14652, stack(0x000000479fb00000,0x000000479fc00000) (1024K)]
  0x000001971de07c60 JavaThread "Finalizer"                  daemon [_thread_blocked, id=13076, stack(0x000000479fc00000,0x000000479fd00000) (1024K)]
  0x000001971de13310 JavaThread "Signal Dispatcher"          daemon [_thread_blocked, id=20256, stack(0x000000479fd00000,0x000000479fe00000) (1024K)]
  0x000001971de16000 JavaThread "Attach Listener"            daemon [_thread_blocked, id=15080, stack(0x000000479fe00000,0x000000479ff00000) (1024K)]
  0x000001971de178a0 JavaThread "Service Thread"             daemon [_thread_blocked, id=7072, stack(0x000000479ff00000,0x00000047a0000000) (1024K)]
  0x000001971de18300 JavaThread "Monitor Deflation Thread"   daemon [_thread_blocked, id=300, stack(0x00000047a0000000,0x00000047a0100000) (1024K)]
  0x000001971de260d0 JavaThread "C2 CompilerThread0"         daemon [_thread_blocked, id=23688, stack(0x00000047a0100000,0x00000047a0200000) (1024K)]
  0x000001971de2eb80 JavaThread "C1 CompilerThread0"         daemon [_thread_blocked, id=2688, stack(0x00000047a0200000,0x00000047a0300000) (1024K)]
  0x000001976314e3a0 JavaThread "Notification Thread"        daemon [_thread_blocked, id=17504, stack(0x00000047a0300000,0x00000047a0400000) (1024K)]
  0x0000019763151400 JavaThread "Common-Cleaner"             daemon [_thread_blocked, id=22740, stack(0x00000047a0400000,0x00000047a0500000) (1024K)]
Total: 11

Other Threads:
  0x000001971ddeb130 VMThread "VM Thread"                           [id=8492, stack(0x000000479fa00000,0x000000479fb00000) (1024K)]
  0x000001971ddd4950 WatcherThread "VM Periodic Task Thread"        [id=23932, stack(0x000000479f900000,0x000000479fa00000) (1024K)]
  0x000001977c5a8ba0 WorkerThread "GC Thread#0"                     [id=21804, stack(0x000000479f400000,0x000000479f500000) (1024K)]
  0x000001977c5bb490 ConcurrentGCThread "G1 Main Marker"            [id=5400, stack(0x000000479f500000,0x000000479f600000) (1024K)]
  0x000001977c5be740 WorkerThread "G1 Conc#0"                       [id=18620, stack(0x000000479f600000,0x000000479f700000) (1024K)]
  0x000001977c60e4b0 ConcurrentGCThread "G1 Refine#0"               [id=19996, stack(0x000000479f700000,0x000000479f800000) (1024K)]
  0x000001971dc926e0 ConcurrentGCThread "G1 Service"                [id=24932, stack(0x000000479f800000,0x000000479f900000) (1024K)]
Total: 7

Threads with active compile tasks:
Total: 0

VM state: not at safepoint (normal execution)

VM Mutex/Monitor currently owned by a thread: None

Heap address: 0x0000000700c00000, size: 4084 MB, Compressed Oops mode: Zero based, Oop shift amount: 3

CDS archive(s) mapped at: [0x000001971e000000-0x000001971ec90000-0x000001971ec90000), size 13172736, SharedBaseAddress: 0x000001971e000000, ArchiveRelocationMode: 1.
Compressed class space mapped at: 0x000001971f000000-0x000001975f000000, reserved size: 1073741824
Narrow klass base: 0x000001971e000000, Narrow klass shift: 0, Narrow klass range: 0x100000000

GC Precious Log:
 CardTable entry size: 512
 Card Set container configuration: InlinePtr #cards 4 size 8 Array Of Cards #cards 16 size 48 Howl #buckets 8 coarsen threshold 3686 Howl Bitmap #cards 512 size 80 coarsen threshold 460 Card regions per heap region 1 cards per card region 4096
 CPUs: 12 total, 12 available
 Memory: 16333M
 Large Page Support: Disabled
 NUMA Support: Disabled
 Compressed Oops: Enabled (Zero based)
 Heap Region Size: 2M
 Heap Min Capacity: 8M
 Heap Initial Capacity: 256M
 Heap Max Capacity: 4084M
 Pre-touch: Disabled
 Parallel Workers: 10
 Concurrent Workers: 3
 Concurrent Refinement Workers: 10
 Periodic GC: Disabled

Heap:
 garbage-first heap   total 262144K, used 6144K [0x0000000700c00000, 0x0000000800000000)
  region size 2048K, 4 young (8192K), 0 survivors (0K)
 Metaspace       used 2739K, committed 2880K, reserved 1114112K
  class space    used 180K, committed 256K, reserved 1048576K

Heap Regions: E=young(eden), S=young(survivor), O=old, HS=humongous(starts), HC=humongous(continues), CS=collection set, F=free, TAMS=top-at-mark-start, PB=parsable bottom
|   0|0x0000000700c00000, 0x0000000700c00000, 0x0000000700e00000|  0%| F|  |TAMS 0x0000000700c00000| PB 0x0000000700c00000| Untracked 
|   1|0x0000000700e00000, 0x0000000700e00000, 0x0000000701000000|  0%| F|  |TAMS 0x0000000700e00000| PB 0x0000000700e00000| Untracked 
|   2|0x0000000701000000, 0x0000000701000000, 0x0000000701200000|  0%| F|  |TAMS 0x0000000701000000| PB 0x0000000701000000| Untracked 
|   3|0x0000000701200000, 0x0000000701200000, 0x0000000701400000|  0%| F|  |TAMS 0x0000000701200000| PB 0x0000000701200000| Untracked 
|   4|0x0000000701400000, 0x0000000701400000, 0x0000000701600000|  0%| F|  |TAMS 0x0000000701400000| PB 0x0000000701400000| Untracked 
|   5|0x0000000701600000, 0x0000000701600000, 0x0000000701800000|  0%| F|  |TAMS 0x0000000701600000| PB 0x0000000701600000| Untracked 
|   6|0x0000000701800000, 0x0000000701800000, 0x0000000701a00000|  0%| F|  |TAMS 0x0000000701800000| PB 0x0000000701800000| Untracked 
|   7|0x0000000701a00000, 0x0000000701a00000, 0x0000000701c00000|  0%| F|  |TAMS 0x0000000701a00000| PB 0x0000000701a00000| Untracked 
|   8|0x0000000701c00000, 0x0000000701c00000, 0x0000000701e00000|  0%| F|  |TAMS 0x0000000701c00000| PB 0x0000000701c00000| Untracked 
|   9|0x0000000701e00000, 0x0000000701e00000, 0x0000000702000000|  0%| F|  |TAMS 0x0000000701e00000| PB 0x0000000701e00000| Untracked 
|  10|0x0000000702000000, 0x0000000702000000, 0x0000000702200000|  0%| F|  |TAMS 0x0000000702000000| PB 0x0000000702000000| Untracked 
|  11|0x0000000702200000, 0x0000000702200000, 0x0000000702400000|  0%| F|  |TAMS 0x0000000702200000| PB 0x0000000702200000| Untracked 
|  12|0x0000000702400000, 0x0000000702400000, 0x0000000702600000|  0%| F|  |TAMS 0x0000000702400000| PB 0x0000000702400000| Untracked 
|  13|0x0000000702600000, 0x0000000702600000, 0x0000000702800000|  0%| F|  |TAMS 0x0000000702600000| PB 0x0000000702600000| Untracked 
|  14|0x0000000702800000, 0x0000000702800000, 0x0000000702a00000|  0%| F|  |TAMS 0x0000000702800000| PB 0x0000000702800000| Untracked 
|  15|0x0000000702a00000, 0x0000000702a00000, 0x0000000702c00000|  0%| F|  |TAMS 0x0000000702a00000| PB 0x0000000702a00000| Untracked 
|  16|0x0000000702c00000, 0x0000000702c00000, 0x0000000702e00000|  0%| F|  |TAMS 0x0000000702c00000| PB 0x0000000702c00000| Untracked 
|  17|0x0000000702e00000, 0x0000000702e00000, 0x0000000703000000|  0%| F|  |TAMS 0x0000000702e00000| PB 0x0000000702e00000| Untracked 
|  18|0x0000000703000000, 0x0000000703000000, 0x0000000703200000|  0%| F|  |TAMS 0x0000000703000000| PB 0x0000000703000000| Untracked 
|  19|0x0000000703200000, 0x0000000703200000, 0x0000000703400000|  0%| F|  |TAMS 0x0000000703200000| PB 0x0000000703200000| Untracked 
|  20|0x0000000703400000, 0x0000000703400000, 0x0000000703600000|  0%| F|  |TAMS 0x0000000703400000| PB 0x0000000703400000| Untracked 
|  21|0x0000000703600000, 0x0000000703600000, 0x0000000703800000|  0%| F|  |TAMS 0x0000000703600000| PB 0x0000000703600000| Untracked 
|  22|0x0000000703800000, 0x0000000703800000, 0x0000000703a00000|  0%| F|  |TAMS 0x0000000703800000| PB 0x0000000703800000| Untracked 
|  23|0x0000000703a00000, 0x0000000703a00000, 0x0000000703c00000|  0%| F|  |TAMS 0x0000000703a00000| PB 0x0000000703a00000| Untracked 
|  24|0x0000000703c00000, 0x0000000703c00000, 0x0000000703e00000|  0%| F|  |TAMS 0x0000000703c00000| PB 0x0000000703c00000| Untracked 
|  25|0x0000000703e00000, 0x0000000703e00000, 0x0000000704000000|  0%| F|  |TAMS 0x0000000703e00000| PB 0x0000000703e00000| Untracked 
|  26|0x0000000704000000, 0x0000000704000000, 0x0000000704200000|  0%| F|  |TAMS 0x0000000704000000| PB 0x0000000704000000| Untracked 
|  27|0x0000000704200000, 0x0000000704200000, 0x0000000704400000|  0%| F|  |TAMS 0x0000000704200000| PB 0x0000000704200000| Untracked 
|  28|0x0000000704400000, 0x0000000704400000, 0x0000000704600000|  0%| F|  |TAMS 0x0000000704400000| PB 0x0000000704400000| Untracked 
|  29|0x0000000704600000, 0x0000000704600000, 0x0000000704800000|  0%| F|  |TAMS 0x0000000704600000| PB 0x0000000704600000| Untracked 
|  30|0x0000000704800000, 0x0000000704800000, 0x0000000704a00000|  0%| F|  |TAMS 0x0000000704800000| PB 0x0000000704800000| Untracked 
|  31|0x0000000704a00000, 0x0000000704a00000, 0x0000000704c00000|  0%| F|  |TAMS 0x0000000704a00000| PB 0x0000000704a00000| Untracked 
|  32|0x0000000704c00000, 0x0000000704c00000, 0x0000000704e00000|  0%| F|  |TAMS 0x0000000704c00000| PB 0x0000000704c00000| Untracked 
|  33|0x0000000704e00000, 0x0000000704e00000, 0x0000000705000000|  0%| F|  |TAMS 0x0000000704e00000| PB 0x0000000704e00000| Untracked 
|  34|0x0000000705000000, 0x0000000705000000, 0x0000000705200000|  0%| F|  |TAMS 0x0000000705000000| PB 0x0000000705000000| Untracked 
|  35|0x0000000705200000, 0x0000000705200000, 0x0000000705400000|  0%| F|  |TAMS 0x0000000705200000| PB 0x0000000705200000| Untracked 
|  36|0x0000000705400000, 0x0000000705400000, 0x0000000705600000|  0%| F|  |TAMS 0x0000000705400000| PB 0x0000000705400000| Untracked 
|  37|0x0000000705600000, 0x0000000705600000, 0x0000000705800000|  0%| F|  |TAMS 0x0000000705600000| PB 0x0000000705600000| Untracked 
|  38|0x0000000705800000, 0x0000000705800000, 0x0000000705a00000|  0%| F|  |TAMS 0x0000000705800000| PB 0x0000000705800000| Untracked 
|  39|0x0000000705a00000, 0x0000000705a00000, 0x0000000705c00000|  0%| F|  |TAMS 0x0000000705a00000| PB 0x0000000705a00000| Untracked 
|  40|0x0000000705c00000, 0x0000000705c00000, 0x0000000705e00000|  0%| F|  |TAMS 0x0000000705c00000| PB 0x0000000705c00000| Untracked 
|  41|0x0000000705e00000, 0x0000000705e00000, 0x0000000706000000|  0%| F|  |TAMS 0x0000000705e00000| PB 0x0000000705e00000| Untracked 
|  42|0x0000000706000000, 0x0000000706000000, 0x0000000706200000|  0%| F|  |TAMS 0x0000000706000000| PB 0x0000000706000000| Untracked 
|  43|0x0000000706200000, 0x0000000706200000, 0x0000000706400000|  0%| F|  |TAMS 0x0000000706200000| PB 0x0000000706200000| Untracked 
|  44|0x0000000706400000, 0x0000000706400000, 0x0000000706600000|  0%| F|  |TAMS 0x0000000706400000| PB 0x0000000706400000| Untracked 
|  45|0x0000000706600000, 0x0000000706600000, 0x0000000706800000|  0%| F|  |TAMS 0x0000000706600000| PB 0x0000000706600000| Untracked 
|  46|0x0000000706800000, 0x0000000706800000, 0x0000000706a00000|  0%| F|  |TAMS 0x0000000706800000| PB 0x0000000706800000| Untracked 
|  47|0x0000000706a00000, 0x0000000706a00000, 0x0000000706c00000|  0%| F|  |TAMS 0x0000000706a00000| PB 0x0000000706a00000| Untracked 
|  48|0x0000000706c00000, 0x0000000706c00000, 0x0000000706e00000|  0%| F|  |TAMS 0x0000000706c00000| PB 0x0000000706c00000| Untracked 
|  49|0x0000000706e00000, 0x0000000706e00000, 0x0000000707000000|  0%| F|  |TAMS 0x0000000706e00000| PB 0x0000000706e00000| Untracked 
|  50|0x0000000707000000, 0x0000000707000000, 0x0000000707200000|  0%| F|  |TAMS 0x0000000707000000| PB 0x0000000707000000| Untracked 
|  51|0x0000000707200000, 0x0000000707200000, 0x0000000707400000|  0%| F|  |TAMS 0x0000000707200000| PB 0x0000000707200000| Untracked 
|  52|0x0000000707400000, 0x0000000707400000, 0x0000000707600000|  0%| F|  |TAMS 0x0000000707400000| PB 0x0000000707400000| Untracked 
|  53|0x0000000707600000, 0x0000000707600000, 0x0000000707800000|  0%| F|  |TAMS 0x0000000707600000| PB 0x0000000707600000| Untracked 
|  54|0x0000000707800000, 0x0000000707800000, 0x0000000707a00000|  0%| F|  |TAMS 0x0000000707800000| PB 0x0000000707800000| Untracked 
|  55|0x0000000707a00000, 0x0000000707a00000, 0x0000000707c00000|  0%| F|  |TAMS 0x0000000707a00000| PB 0x0000000707a00000| Untracked 
|  56|0x0000000707c00000, 0x0000000707c00000, 0x0000000707e00000|  0%| F|  |TAMS 0x0000000707c00000| PB 0x0000000707c00000| Untracked 
|  57|0x0000000707e00000, 0x0000000707e00000, 0x0000000708000000|  0%| F|  |TAMS 0x0000000707e00000| PB 0x0000000707e00000| Untracked 
|  58|0x0000000708000000, 0x0000000708000000, 0x0000000708200000|  0%| F|  |TAMS 0x0000000708000000| PB 0x0000000708000000| Untracked 
|  59|0x0000000708200000, 0x0000000708200000, 0x0000000708400000|  0%| F|  |TAMS 0x0000000708200000| PB 0x0000000708200000| Untracked 
|  60|0x0000000708400000, 0x0000000708400000, 0x0000000708600000|  0%| F|  |TAMS 0x0000000708400000| PB 0x0000000708400000| Untracked 
|  61|0x0000000708600000, 0x0000000708600000, 0x0000000708800000|  0%| F|  |TAMS 0x0000000708600000| PB 0x0000000708600000| Untracked 
|  62|0x0000000708800000, 0x0000000708800000, 0x0000000708a00000|  0%| F|  |TAMS 0x0000000708800000| PB 0x0000000708800000| Untracked 
|  63|0x0000000708a00000, 0x0000000708a00000, 0x0000000708c00000|  0%| F|  |TAMS 0x0000000708a00000| PB 0x0000000708a00000| Untracked 
|  64|0x0000000708c00000, 0x0000000708c00000, 0x0000000708e00000|  0%| F|  |TAMS 0x0000000708c00000| PB 0x0000000708c00000| Untracked 
|  65|0x0000000708e00000, 0x0000000708e00000, 0x0000000709000000|  0%| F|  |TAMS 0x0000000708e00000| PB 0x0000000708e00000| Untracked 
|  66|0x0000000709000000, 0x0000000709000000, 0x0000000709200000|  0%| F|  |TAMS 0x0000000709000000| PB 0x0000000709000000| Untracked 
|  67|0x0000000709200000, 0x0000000709200000, 0x0000000709400000|  0%| F|  |TAMS 0x0000000709200000| PB 0x0000000709200000| Untracked 
|  68|0x0000000709400000, 0x0000000709400000, 0x0000000709600000|  0%| F|  |TAMS 0x0000000709400000| PB 0x0000000709400000| Untracked 
|  69|0x0000000709600000, 0x0000000709600000, 0x0000000709800000|  0%| F|  |TAMS 0x0000000709600000| PB 0x0000000709600000| Untracked 
|  70|0x0000000709800000, 0x0000000709800000, 0x0000000709a00000|  0%| F|  |TAMS 0x0000000709800000| PB 0x0000000709800000| Untracked 
|  71|0x0000000709a00000, 0x0000000709a00000, 0x0000000709c00000|  0%| F|  |TAMS 0x0000000709a00000| PB 0x0000000709a00000| Untracked 
|  72|0x0000000709c00000, 0x0000000709c00000, 0x0000000709e00000|  0%| F|  |TAMS 0x0000000709c00000| PB 0x0000000709c00000| Untracked 
|  73|0x0000000709e00000, 0x0000000709e00000, 0x000000070a000000|  0%| F|  |TAMS 0x0000000709e00000| PB 0x0000000709e00000| Untracked 
|  74|0x000000070a000000, 0x000000070a000000, 0x000000070a200000|  0%| F|  |TAMS 0x000000070a000000| PB 0x000000070a000000| Untracked 
|  75|0x000000070a200000, 0x000000070a200000, 0x000000070a400000|  0%| F|  |TAMS 0x000000070a200000| PB 0x000000070a200000| Untracked 
|  76|0x000000070a400000, 0x000000070a400000, 0x000000070a600000|  0%| F|  |TAMS 0x000000070a400000| PB 0x000000070a400000| Untracked 
|  77|0x000000070a600000, 0x000000070a600000, 0x000000070a800000|  0%| F|  |TAMS 0x000000070a600000| PB 0x000000070a600000| Untracked 
|  78|0x000000070a800000, 0x000000070a800000, 0x000000070aa00000|  0%| F|  |TAMS 0x000000070a800000| PB 0x000000070a800000| Untracked 
|  79|0x000000070aa00000, 0x000000070aa00000, 0x000000070ac00000|  0%| F|  |TAMS 0x000000070aa00000| PB 0x000000070aa00000| Untracked 
|  80|0x000000070ac00000, 0x000000070ac00000, 0x000000070ae00000|  0%| F|  |TAMS 0x000000070ac00000| PB 0x000000070ac00000| Untracked 
|  81|0x000000070ae00000, 0x000000070ae00000, 0x000000070b000000|  0%| F|  |TAMS 0x000000070ae00000| PB 0x000000070ae00000| Untracked 
|  82|0x000000070b000000, 0x000000070b000000, 0x000000070b200000|  0%| F|  |TAMS 0x000000070b000000| PB 0x000000070b000000| Untracked 
|  83|0x000000070b200000, 0x000000070b200000, 0x000000070b400000|  0%| F|  |TAMS 0x000000070b200000| PB 0x000000070b200000| Untracked 
|  84|0x000000070b400000, 0x000000070b400000, 0x000000070b600000|  0%| F|  |TAMS 0x000000070b400000| PB 0x000000070b400000| Untracked 
|  85|0x000000070b600000, 0x000000070b600000, 0x000000070b800000|  0%| F|  |TAMS 0x000000070b600000| PB 0x000000070b600000| Untracked 
|  86|0x000000070b800000, 0x000000070b800000, 0x000000070ba00000|  0%| F|  |TAMS 0x000000070b800000| PB 0x000000070b800000| Untracked 
|  87|0x000000070ba00000, 0x000000070ba00000, 0x000000070bc00000|  0%| F|  |TAMS 0x000000070ba00000| PB 0x000000070ba00000| Untracked 
|  88|0x000000070bc00000, 0x000000070bc00000, 0x000000070be00000|  0%| F|  |TAMS 0x000000070bc00000| PB 0x000000070bc00000| Untracked 
|  89|0x000000070be00000, 0x000000070be00000, 0x000000070c000000|  0%| F|  |TAMS 0x000000070be00000| PB 0x000000070be00000| Untracked 
|  90|0x000000070c000000, 0x000000070c000000, 0x000000070c200000|  0%| F|  |TAMS 0x000000070c000000| PB 0x000000070c000000| Untracked 
|  91|0x000000070c200000, 0x000000070c200000, 0x000000070c400000|  0%| F|  |TAMS 0x000000070c200000| PB 0x000000070c200000| Untracked 
|  92|0x000000070c400000, 0x000000070c400000, 0x000000070c600000|  0%| F|  |TAMS 0x000000070c400000| PB 0x000000070c400000| Untracked 
|  93|0x000000070c600000, 0x000000070c600000, 0x000000070c800000|  0%| F|  |TAMS 0x000000070c600000| PB 0x000000070c600000| Untracked 
|  94|0x000000070c800000, 0x000000070c800000, 0x000000070ca00000|  0%| F|  |TAMS 0x000000070c800000| PB 0x000000070c800000| Untracked 
|  95|0x000000070ca00000, 0x000000070ca00000, 0x000000070cc00000|  0%| F|  |TAMS 0x000000070ca00000| PB 0x000000070ca00000| Untracked 
|  96|0x000000070cc00000, 0x000000070cc00000, 0x000000070ce00000|  0%| F|  |TAMS 0x000000070cc00000| PB 0x000000070cc00000| Untracked 
|  97|0x000000070ce00000, 0x000000070ce00000, 0x000000070d000000|  0%| F|  |TAMS 0x000000070ce00000| PB 0x000000070ce00000| Untracked 
|  98|0x000000070d000000, 0x000000070d000000, 0x000000070d200000|  0%| F|  |TAMS 0x000000070d000000| PB 0x000000070d000000| Untracked 
|  99|0x000000070d200000, 0x000000070d200000, 0x000000070d400000|  0%| F|  |TAMS 0x000000070d200000| PB 0x000000070d200000| Untracked 
| 100|0x000000070d400000, 0x000000070d400000, 0x000000070d600000|  0%| F|  |TAMS 0x000000070d400000| PB 0x000000070d400000| Untracked 
| 101|0x000000070d600000, 0x000000070d600000, 0x000000070d800000|  0%| F|  |TAMS 0x000000070d600000| PB 0x000000070d600000| Untracked 
| 102|0x000000070d800000, 0x000000070d800000, 0x000000070da00000|  0%| F|  |TAMS 0x000000070d800000| PB 0x000000070d800000| Untracked 
| 103|0x000000070da00000, 0x000000070da00000, 0x000000070dc00000|  0%| F|  |TAMS 0x000000070da00000| PB 0x000000070da00000| Untracked 
| 104|0x000000070dc00000, 0x000000070dc00000, 0x000000070de00000|  0%| F|  |TAMS 0x000000070dc00000| PB 0x000000070dc00000| Untracked 
| 105|0x000000070de00000, 0x000000070de00000, 0x000000070e000000|  0%| F|  |TAMS 0x000000070de00000| PB 0x000000070de00000| Untracked 
| 106|0x000000070e000000, 0x000000070e000000, 0x000000070e200000|  0%| F|  |TAMS 0x000000070e000000| PB 0x000000070e000000| Untracked 
| 107|0x000000070e200000, 0x000000070e200000, 0x000000070e400000|  0%| F|  |TAMS 0x000000070e200000| PB 0x000000070e200000| Untracked 
| 108|0x000000070e400000, 0x000000070e400000, 0x000000070e600000|  0%| F|  |TAMS 0x000000070e400000| PB 0x000000070e400000| Untracked 
| 109|0x000000070e600000, 0x000000070e600000, 0x000000070e800000|  0%| F|  |TAMS 0x000000070e600000| PB 0x000000070e600000| Untracked 
| 110|0x000000070e800000, 0x000000070e800000, 0x000000070ea00000|  0%| F|  |TAMS 0x000000070e800000| PB 0x000000070e800000| Untracked 
| 111|0x000000070ea00000, 0x000000070ea00000, 0x000000070ec00000|  0%| F|  |TAMS 0x000000070ea00000| PB 0x000000070ea00000| Untracked 
| 112|0x000000070ec00000, 0x000000070ec00000, 0x000000070ee00000|  0%| F|  |TAMS 0x000000070ec00000| PB 0x000000070ec00000| Untracked 
| 113|0x000000070ee00000, 0x000000070ee00000, 0x000000070f000000|  0%| F|  |TAMS 0x000000070ee00000| PB 0x000000070ee00000| Untracked 
| 114|0x000000070f000000, 0x000000070f000000, 0x000000070f200000|  0%| F|  |TAMS 0x000000070f000000| PB 0x000000070f000000| Untracked 
| 115|0x000000070f200000, 0x000000070f200000, 0x000000070f400000|  0%| F|  |TAMS 0x000000070f200000| PB 0x000000070f200000| Untracked 
| 116|0x000000070f400000, 0x000000070f400000, 0x000000070f600000|  0%| F|  |TAMS 0x000000070f400000| PB 0x000000070f400000| Untracked 
| 117|0x000000070f600000, 0x000000070f600000, 0x000000070f800000|  0%| F|  |TAMS 0x000000070f600000| PB 0x000000070f600000| Untracked 
| 118|0x000000070f800000, 0x000000070f800000, 0x000000070fa00000|  0%| F|  |TAMS 0x000000070f800000| PB 0x000000070f800000| Untracked 
| 119|0x000000070fa00000, 0x000000070fa00000, 0x000000070fc00000|  0%| F|  |TAMS 0x000000070fa00000| PB 0x000000070fa00000| Untracked 
| 120|0x000000070fc00000, 0x000000070fc00000, 0x000000070fe00000|  0%| F|  |TAMS 0x000000070fc00000| PB 0x000000070fc00000| Untracked 
| 121|0x000000070fe00000, 0x000000070fe00000, 0x0000000710000000|  0%| F|  |TAMS 0x000000070fe00000| PB 0x000000070fe00000| Untracked 
| 122|0x0000000710000000, 0x0000000710000000, 0x0000000710200000|  0%| F|  |TAMS 0x0000000710000000| PB 0x0000000710000000| Untracked 
| 123|0x0000000710200000, 0x0000000710200000, 0x0000000710400000|  0%| F|  |TAMS 0x0000000710200000| PB 0x0000000710200000| Untracked 
| 124|0x0000000710400000, 0x0000000710495d78, 0x0000000710600000| 29%| E|  |TAMS 0x0000000710400000| PB 0x0000000710400000| Complete 
| 125|0x0000000710600000, 0x0000000710800000, 0x0000000710800000|100%| E|CS|TAMS 0x0000000710600000| PB 0x0000000710600000| Complete 
| 126|0x0000000710800000, 0x0000000710a00000, 0x0000000710a00000|100%| E|CS|TAMS 0x0000000710800000| PB 0x0000000710800000| Complete 
| 127|0x0000000710a00000, 0x0000000710c00000, 0x0000000710c00000|100%| E|CS|TAMS 0x0000000710a00000| PB 0x0000000710a00000| Complete 

Card table byte_map: [0x000001977f2d0000,0x000001977fad0000] _byte_map_base: 0x000001977baca000

Marking Bits: (CMBitMap*) 0x000001977c5a9ab0
 Bits: [0x0000019717610000, 0x000001971b5e0000)

Polling page: 0x000001977c610000

Metaspace:

Usage:
  Non-class:      2.50 MB used.
      Class:    180.93 KB used.
       Both:      2.68 MB used.

Virtual space:
  Non-class space:       64.00 MB reserved,       2.56 MB (  4%) committed,  1 nodes.
      Class space:        1.00 GB reserved,     256.00 KB ( <1%) committed,  1 nodes.
             Both:        1.06 GB reserved,       2.81 MB ( <1%) committed. 

Chunk freelists:
   Non-Class:  10.83 MB
       Class:  15.67 MB
        Both:  26.50 MB

MaxMetaspaceSize: unlimited
CompressedClassSpaceSize: 1.00 GB
Initial GC threshold: 21.00 MB
Current GC threshold: 21.00 MB
CDS: on
 - commit_granule_bytes: 65536.
 - commit_granule_words: 8192.
 - virtual_space_node_default_size: 8388608.
 - enlarge_chunks_in_place: 1.
 - use_allocation_guard: 0.


Internal statistics:

num_allocs_failed_limit: 0.
num_arena_births: 62.
num_arena_deaths: 0.
num_vsnodes_births: 2.
num_vsnodes_deaths: 0.
num_space_committed: 45.
num_space_uncommitted: 0.
num_chunks_returned_to_freelist: 0.
num_chunks_taken_from_freelist: 129.
num_chunk_merges: 0.
num_chunk_splits: 82.
num_chunks_enlarged: 53.
num_inconsistent_stats: 0.

CodeHeap 'non-profiled nmethods': size=120000Kb used=160Kb max_used=160Kb free=119839Kb
 bounds [0x00000197100e0000, 0x0000019710350000, 0x0000019717610000]
CodeHeap 'profiled nmethods': size=120000Kb used=783Kb max_used=783Kb free=119216Kb
 bounds [0x0000019708610000, 0x0000019708880000, 0x000001970fb40000]
CodeHeap 'non-nmethods': size=5760Kb used=2056Kb max_used=2070Kb free=3703Kb
 bounds [0x000001970fb40000, 0x000001970fdb0000, 0x00000197100e0000]
 total_blobs=1560 nmethods=527 adapters=938
 compilation: enabled
              stopped_count=0, restarted_count=0
 full_count=0

Compilation events (20 events):
Event: 0.470 Thread 0x000001971de2eb80  514       3       java.lang.invoke.MethodTypeForm::canonicalizeAll (63 bytes)
Event: 0.470 Thread 0x000001971de2eb80 nmethod 514 0x00000197086cd610 code [0x00000197086cd800, 0x00000197086cde50]
Event: 0.470 Thread 0x000001971de2eb80  512       3       java.lang.Character::isSurrogate (18 bytes)
Event: 0.470 Thread 0x000001971de2eb80 nmethod 512 0x00000197086ce010 code [0x00000197086ce1a0, 0x00000197086ce320]
Event: 0.470 Thread 0x000001971de2eb80  516       3       java.lang.invoke.MemberName::flagsMods (45 bytes)
Event: 0.470 Thread 0x000001971de2eb80 nmethod 516 0x00000197086ce390 code [0x00000197086ce520, 0x00000197086ce628]
Event: 0.471 Thread 0x000001971de2eb80  520       3       sun.net.www.ParseUtil::firstEncodeIndex (86 bytes)
Event: 0.471 Thread 0x000001971de2eb80 nmethod 520 0x00000197086ce690 code [0x00000197086ce8c0, 0x00000197086cf288]
Event: 0.471 Thread 0x000001971de2eb80  521   !   3       java.util.zip.Inflater::inflate (456 bytes)
Event: 0.472 Thread 0x000001971de260d0  527       4       java.lang.Integer::toUnsignedLong (7 bytes)
Event: 0.472 Thread 0x000001971de260d0 nmethod 527 0x0000019710107d90 code [0x0000019710107f00, 0x0000019710107f68]
Event: 0.472 Thread 0x000001971de2eb80 nmethod 521 0x00000197086cf610 code [0x00000197086cfa00, 0x00000197086d1770]
Event: 0.472 Thread 0x000001971de2eb80  525       3       sun.misc.Unsafe::putLong (11 bytes)
Event: 0.472 Thread 0x000001971de2eb80 nmethod 525 0x00000197086d2710 code [0x00000197086d28a0, 0x00000197086d29b0]
Event: 0.472 Thread 0x000001971de2eb80  526       3       org.lwjgl.system.MemoryUtil::memPutAddress (29 bytes)
Event: 0.473 Thread 0x000001971de2eb80 nmethod 526 0x00000197086d2a90 code [0x00000197086d2c40, 0x00000197086d2e38]
Event: 0.473 Thread 0x000001971de2eb80  522       3       java.util.ArrayList::add (25 bytes)
Event: 0.473 Thread 0x000001971de2eb80 nmethod 522 0x00000197086d2f10 code [0x00000197086d30e0, 0x00000197086d3510]
Event: 0.473 Thread 0x000001971de2eb80  523       3       java.util.ArrayList::add (23 bytes)
Event: 0.473 Thread 0x000001971de2eb80 nmethod 523 0x00000197086d3710 code [0x00000197086d38e0, 0x00000197086d3c90]

GC Heap History (0 events):
No events

Dll operation events (8 events):
Event: 0.005 Loaded shared library C:\Users\clemm\.gradle\jdks\eclipse_adoptium-21-amd64-windows.2\bin\java.dll
Event: 0.031 Loaded shared library C:\Users\clemm\.gradle\jdks\eclipse_adoptium-21-amd64-windows.2\bin\jsvml.dll
Event: 0.059 Loaded shared library C:\Users\clemm\.gradle\jdks\eclipse_adoptium-21-amd64-windows.2\bin\net.dll
Event: 0.061 Loaded shared library C:\Users\clemm\.gradle\jdks\eclipse_adoptium-21-amd64-windows.2\bin\nio.dll
Event: 0.063 Loaded shared library C:\Users\clemm\.gradle\jdks\eclipse_adoptium-21-amd64-windows.2\bin\zip.dll
Event: 0.100 Loaded shared library C:\Users\clemm\.gradle\jdks\eclipse_adoptium-21-amd64-windows.2\bin\jimage.dll
Event: 0.117 Loaded shared library C:\Users\clemm\AppData\Local\Temp\lwjgl_clemm\3.3.4+7\x64\lwjgl.dll
Event: 0.466 Loaded shared library C:\Users\clemm\AppData\Local\Temp\lwjgl_clemm\3.3.4+7\x64\lwjgl_opengl.dll

Deoptimization events (20 events):
Event: 0.083 Thread 0x000001977c5437e0 Uncommon trap: trap_request=0xffffff45 fr.pc=0x00000197100e5a78 relative=0x00000000000002b8
Event: 0.083 Thread 0x000001977c5437e0 Uncommon trap: reason=unstable_if action=reinterpret pc=0x00000197100e5a78 method=java.lang.StringLatin1.hashCode([B)I @ 2 c2
Event: 0.083 Thread 0x000001977c5437e0 DEOPT PACKING pc=0x00000197100e5a78 sp=0x000000479f3fb0a0
Event: 0.083 Thread 0x000001977c5437e0 DEOPT UNPACKING pc=0x000001970fb946a2 sp=0x000000479f3fafd8 mode 2
Event: 0.125 Thread 0x000001977c5437e0 DEOPT PACKING pc=0x00000197086297f8 sp=0x000000479f3fcde0
Event: 0.125 Thread 0x000001977c5437e0 DEOPT UNPACKING pc=0x000001970fb94e42 sp=0x000000479f3fc200 mode 0
Event: 0.128 Thread 0x000001977c5437e0 DEOPT PACKING pc=0x0000019708618cd8 sp=0x000000479f3fc670
Event: 0.128 Thread 0x000001977c5437e0 DEOPT UNPACKING pc=0x000001970fb94e42 sp=0x000000479f3fbad8 mode 0
Event: 0.161 Thread 0x000001977c5437e0 DEOPT PACKING pc=0x000001970869d50b sp=0x000000479f3fd210
Event: 0.161 Thread 0x000001977c5437e0 DEOPT UNPACKING pc=0x000001970fb94e42 sp=0x000000479f3fc6a8 mode 0
Event: 0.161 Thread 0x000001977c5437e0 DEOPT PACKING pc=0x000001970869d50b sp=0x000000479f3fd210
Event: 0.161 Thread 0x000001977c5437e0 DEOPT UNPACKING pc=0x000001970fb94e42 sp=0x000000479f3fc6a8 mode 0
Event: 0.162 Thread 0x000001977c5437e0 DEOPT PACKING pc=0x000001970869d50b sp=0x000000479f3fd210
Event: 0.162 Thread 0x000001977c5437e0 DEOPT UNPACKING pc=0x000001970fb94e42 sp=0x000000479f3fc6a8 mode 0
Event: 0.162 Thread 0x000001977c5437e0 DEOPT PACKING pc=0x000001970869d50b sp=0x000000479f3fd210
Event: 0.162 Thread 0x000001977c5437e0 DEOPT UNPACKING pc=0x000001970fb94e42 sp=0x000000479f3fc6a8 mode 0
Event: 0.163 Thread 0x000001977c5437e0 DEOPT PACKING pc=0x000001970869d50b sp=0x000000479f3fd210
Event: 0.163 Thread 0x000001977c5437e0 DEOPT UNPACKING pc=0x000001970fb94e42 sp=0x000000479f3fc6a8 mode 0
Event: 0.164 Thread 0x000001977c5437e0 DEOPT PACKING pc=0x000001970869d50b sp=0x000000479f3fd210
Event: 0.164 Thread 0x000001977c5437e0 DEOPT UNPACKING pc=0x000001970fb94e42 sp=0x000000479f3fc6a8 mode 0

Classes loaded (20 events):
Event: 0.173 Loading class sun/misc/Unsafe
Event: 0.173 Loading class sun/misc/Unsafe done
Event: 0.173 Loading class java/lang/invoke/DirectMethodHandle$StaticAccessor
Event: 0.173 Loading class java/lang/invoke/DirectMethodHandle$StaticAccessor done
Event: 0.175 Loading class java/util/function/LongPredicate
Event: 0.175 Loading class java/util/function/LongPredicate done
Event: 0.176 Loading class java/lang/foreign/MemorySegment
Event: 0.176 Loading class java/lang/foreign/MemorySegment done
Event: 0.179 Loading class java/nio/InvalidMarkException
Event: 0.179 Loading class java/nio/InvalidMarkException done
Event: 0.179 Loading class java/nio/BufferUnderflowException
Event: 0.179 Loading class java/nio/BufferUnderflowException done
Event: 0.181 Loading class java/lang/IndexOutOfBoundsException
Event: 0.181 Loading class java/lang/IndexOutOfBoundsException done
Event: 0.367 Loading class java/nio/file/FileAlreadyExistsException
Event: 0.367 Loading class java/nio/file/FileAlreadyExistsException done
Event: 0.368 Loading class java/nio/file/StandardCopyOption
Event: 0.368 Loading class java/nio/file/StandardCopyOption done
Event: 0.470 Loading class java/util/Formatter$FixedString
Event: 0.470 Loading class java/util/Formatter$FixedString done

Classes unloaded (0 events):
No events

Classes redefined (0 events):
No events

Internal exceptions (20 events):
Event: 0.098 Thread 0x000001977c5437e0 Exception <a 'java/lang/NoSuchMethodError'{0x00000007109d4908}: 'void java.lang.System.loadLibrary(java.lang.String, java.lang.Class)'> (0x00000007109d4908) 
thrown [s\src\hotspot\share\interpreter\linkResolver.cpp, line 773]
Event: 0.120 Thread 0x000001977c5437e0 Exception <a 'sun/nio/fs/WindowsException'{0x0000000710613af0}> (0x0000000710613af0) 
thrown [s\src\hotspot\share\prims\jni.cpp, line 520]
Event: 0.120 Thread 0x000001977c5437e0 Exception <a 'sun/nio/fs/WindowsException'{0x0000000710614020}> (0x0000000710614020) 
thrown [s\src\hotspot\share\prims\jni.cpp, line 520]
Event: 0.168 Thread 0x000001977c5437e0 Exception <a 'sun/nio/fs/WindowsException'{0x00000007106eba40}> (0x00000007106eba40) 
thrown [s\src\hotspot\share\prims\jni.cpp, line 520]
Event: 0.168 Thread 0x000001977c5437e0 Exception <a 'sun/nio/fs/WindowsException'{0x00000007106ebda0}> (0x00000007106ebda0) 
thrown [s\src\hotspot\share\prims\jni.cpp, line 520]
Event: 0.175 Thread 0x000001977c5437e0 Exception <a 'java/lang/NoSuchMethodError'{0x000000071073c9e8}: 'int java.lang.invoke.DirectMethodHandle$Holder.invokeStaticInit(java.lang.Object, java.lang.Object, int, long)'> (0x000000071073c9e8) 
thrown [s\src\hotspot\share\interpreter\linkResolver.cpp, line 773]
Event: 0.176 Thread 0x000001977c5437e0 Exception <a 'java/lang/NoSuchMethodError'{0x0000000710741af0}: 'java.lang.Object java.lang.invoke.DirectMethodHandle$Holder.newInvokeSpecial(java.lang.Object, java.lang.Object, int)'> (0x0000000710741af0) 
thrown [s\src\hotspot\share\interpreter\linkResolver.cpp, line 773]
Event: 0.177 Thread 0x000001977c5437e0 Exception <a 'java/lang/NoSuchMethodError'{0x0000000710751098}: 'int java.lang.invoke.DirectMethodHandle$Holder.invokeStaticInit(java.lang.Object, java.lang.Object, long, long)'> (0x0000000710751098) 
thrown [s\src\hotspot\share\interpreter\linkResolver.cpp, line 773]
Event: 0.177 Thread 0x000001977c5437e0 Exception <a 'java/lang/NoSuchMethodError'{0x0000000710756e38}: 'java.lang.Object java.lang.invoke.DirectMethodHandle$Holder.newInvokeSpecial(java.lang.Object, java.lang.Object, long)'> (0x0000000710756e38) 
thrown [s\src\hotspot\share\interpreter\linkResolver.cpp, line 773]
Event: 0.178 Thread 0x000001977c5437e0 Exception <a 'java/lang/NoSuchMethodError'{0x000000071075af90}: 'java.lang.Object java.lang.invoke.Invokers$Holder.linkToTargetMethod(java.lang.Object, long, java.lang.Object)'> (0x000000071075af90) 
thrown [s\src\hotspot\share\interpreter\linkResolver.cpp, line 773]
Event: 0.178 Thread 0x000001977c5437e0 Exception <a 'java/lang/NoSuchMethodError'{0x00000007107621f0}: 'int java.lang.invoke.DirectMethodHandle$Holder.invokeStaticInit(java.lang.Object, java.lang.Object, java.lang.Object, long)'> (0x00000007107621f0) 
thrown [s\src\hotspot\share\interpreter\linkResolver.cpp, line 773]
Event: 0.365 Thread 0x000001977c5437e0 Exception <a 'java/lang/NoSuchMethodError'{0x0000000710426aa8}: 'void java.lang.System.load(java.lang.String, java.lang.Class)'> (0x0000000710426aa8) 
thrown [s\src\hotspot\share\interpreter\linkResolver.cpp, line 773]
Event: 0.366 Thread 0x000001977c5437e0 Exception <a 'java/lang/NoSuchMethodError'{0x00000007104294f8}: 'void java.lang.System.loadLibrary(java.lang.String, java.lang.Class)'> (0x00000007104294f8) 
thrown [s\src\hotspot\share\interpreter\linkResolver.cpp, line 773]
Event: 0.367 Thread 0x000001977c5437e0 Exception <a 'sun/nio/fs/WindowsException'{0x000000071042d148}> (0x000000071042d148) 
thrown [s\src\hotspot\share\prims\jni.cpp, line 520]
Event: 0.367 Thread 0x000001977c5437e0 Exception <a 'sun/nio/fs/WindowsException'{0x000000071042d940}> (0x000000071042d940) 
thrown [s\src\hotspot\share\prims\jni.cpp, line 520]
Event: 0.368 Thread 0x000001977c5437e0 Exception <a 'sun/nio/fs/WindowsException'{0x0000000710434998}> (0x0000000710434998) 
thrown [s\src\hotspot\share\prims\jni.cpp, line 520]
Event: 0.376 Thread 0x000001977c5437e0 Exception <a 'sun/nio/fs/WindowsException'{0x0000000710439870}> (0x0000000710439870) 
thrown [s\src\hotspot\share\prims\jni.cpp, line 520]
Event: 0.376 Thread 0x000001977c5437e0 Exception <a 'sun/nio/fs/WindowsException'{0x0000000710439c10}> (0x0000000710439c10) 
thrown [s\src\hotspot\share\prims\jni.cpp, line 520]
Event: 0.469 Thread 0x000001977c5437e0 Exception <a 'sun/nio/fs/WindowsException'{0x0000000710442ab0}> (0x0000000710442ab0) 
thrown [s\src\hotspot\share\prims\jni.cpp, line 520]
Event: 0.469 Thread 0x000001977c5437e0 Exception <a 'sun/nio/fs/WindowsException'{0x0000000710442d80}> (0x0000000710442d80) 
thrown [s\src\hotspot\share\prims\jni.cpp, line 520]

ZGC Phase Switch (0 events):
No events

VM Operations (2 events):
Event: 0.064 Executing VM operation: HandshakeAllThreads (Deoptimize)
Event: 0.064 Executing VM operation: HandshakeAllThreads (Deoptimize) done

Memory protections (0 events):
No events

Nmethod flushes (0 events):
No events

Events (13 events):
Event: 0.019 Thread 0x000001977c5437e0 Thread added: 0x000001977c5437e0
Event: 0.030 Thread 0x000001977c5437e0 Thread added: 0x000001971de05e90
Event: 0.030 Thread 0x000001977c5437e0 Thread added: 0x000001971de07c60
Event: 0.030 Thread 0x000001977c5437e0 Thread added: 0x000001971de13310
Event: 0.030 Thread 0x000001977c5437e0 Thread added: 0x000001971de16000
Event: 0.030 Thread 0x000001977c5437e0 Thread added: 0x000001971de178a0
Event: 0.030 Thread 0x000001977c5437e0 Thread added: 0x000001971de18300
Event: 0.030 Thread 0x000001977c5437e0 Thread added: 0x000001971de260d0
Event: 0.030 Thread 0x000001977c5437e0 Thread added: 0x000001971de2eb80
Event: 0.052 Thread 0x000001977c5437e0 Thread added: 0x000001976314e3a0
Event: 0.055 Thread 0x000001977c5437e0 Thread added: 0x0000019763151400
Event: 0.164 Thread 0x000001971de2eb80 Thread added: 0x00000197633fce30
Event: 0.357 Thread 0x00000197633fce30 Thread exited: 0x00000197633fce30


Dynamic libraries:
0x00007ff78a0c0000 - 0x00007ff78a0ce000 	C:\Users\clemm\.gradle\jdks\eclipse_adoptium-21-amd64-windows.2\bin\java.exe
0x00007ffa85b70000 - 0x00007ffa85d68000 	C:\WINDOWS\SYSTEM32\ntdll.dll
0x00007ffa83d40000 - 0x00007ffa83e01000 	C:\WINDOWS\System32\KERNEL32.DLL
0x00007ffa83440000 - 0x00007ffa8373d000 	C:\WINDOWS\System32\KERNELBASE.dll
0x00007ffa83aa0000 - 0x00007ffa83ba0000 	C:\WINDOWS\System32\ucrtbase.dll
0x00007ffa5a2a0000 - 0x00007ffa5a2bb000 	C:\Users\clemm\.gradle\jdks\eclipse_adoptium-21-amd64-windows.2\bin\VCRUNTIME140.dll
0x00007ffa5a7c0000 - 0x00007ffa5a7d8000 	C:\Users\clemm\.gradle\jdks\eclipse_adoptium-21-amd64-windows.2\bin\jli.dll
0x00007ffa83ff0000 - 0x00007ffa8418d000 	C:\WINDOWS\System32\USER32.dll
0x00007ffa83370000 - 0x00007ffa83392000 	C:\WINDOWS\System32\win32u.dll
0x00007ffa78f10000 - 0x00007ffa791aa000 	C:\WINDOWS\WinSxS\amd64_microsoft.windows.common-controls_6595b64144ccf1df_6.0.19041.4355_none_60b8b9eb71f62e16\COMCTL32.dll
0x00007ffa85760000 - 0x00007ffa8578b000 	C:\WINDOWS\System32\GDI32.dll
0x00007ffa83980000 - 0x00007ffa83a97000 	C:\WINDOWS\System32\gdi32full.dll
0x00007ffa843e0000 - 0x00007ffa8447e000 	C:\WINDOWS\System32\msvcrt.dll
0x00007ffa83220000 - 0x00007ffa832bd000 	C:\WINDOWS\System32\msvcp_win.dll
0x00007ffa857a0000 - 0x00007ffa857cf000 	C:\WINDOWS\System32\IMM32.DLL
0x00007ffa73c90000 - 0x00007ffa73c9c000 	C:\Users\clemm\.gradle\jdks\eclipse_adoptium-21-amd64-windows.2\bin\vcruntime140_1.dll
0x00007ffa4b400000 - 0x00007ffa4b48e000 	C:\Users\clemm\.gradle\jdks\eclipse_adoptium-21-amd64-windows.2\bin\msvcp140.dll
0x00007ff9df160000 - 0x00007ff9dfee8000 	C:\Users\clemm\.gradle\jdks\eclipse_adoptium-21-amd64-windows.2\bin\server\jvm.dll
0x00007ffa84bd0000 - 0x00007ffa84c80000 	C:\WINDOWS\System32\ADVAPI32.dll
0x00007ffa84a50000 - 0x00007ffa84af0000 	C:\WINDOWS\System32\sechost.dll
0x00007ffa84190000 - 0x00007ffa842b3000 	C:\WINDOWS\System32\RPCRT4.dll
0x00007ffa83410000 - 0x00007ffa83437000 	C:\WINDOWS\System32\bcrypt.dll
0x00007ffa849e0000 - 0x00007ffa84a4b000 	C:\WINDOWS\System32\WS2_32.dll
0x00007ffa82c20000 - 0x00007ffa82c6b000 	C:\WINDOWS\SYSTEM32\POWRPROF.dll
0x00007ffa73690000 - 0x00007ffa736b7000 	C:\WINDOWS\SYSTEM32\WINMM.dll
0x00007ffa7c740000 - 0x00007ffa7c74a000 	C:\WINDOWS\SYSTEM32\VERSION.dll
0x00007ffa82bd0000 - 0x00007ffa82be2000 	C:\WINDOWS\SYSTEM32\UMPDC.dll
0x00007ffa810c0000 - 0x00007ffa810d2000 	C:\WINDOWS\SYSTEM32\kernel.appcore.dll
0x00007ffa66940000 - 0x00007ffa6694a000 	C:\Users\clemm\.gradle\jdks\eclipse_adoptium-21-amd64-windows.2\bin\jimage.dll
0x00007ffa71f60000 - 0x00007ffa72144000 	C:\WINDOWS\SYSTEM32\DBGHELP.DLL
0x00007ffa74f70000 - 0x00007ffa74fa4000 	C:\WINDOWS\SYSTEM32\dbgcore.DLL
0x00007ffa838f0000 - 0x00007ffa83972000 	C:\WINDOWS\System32\bcryptPrimitives.dll
0x00007ffa5a280000 - 0x00007ffa5a29f000 	C:\Users\clemm\.gradle\jdks\eclipse_adoptium-21-amd64-windows.2\bin\java.dll
0x00007ffa84c80000 - 0x00007ffa853ef000 	C:\WINDOWS\System32\SHELL32.dll
0x00007ffa812c0000 - 0x00007ffa81a5f000 	C:\WINDOWS\SYSTEM32\windows.storage.dll
0x00007ffa85400000 - 0x00007ffa85753000 	C:\WINDOWS\System32\combase.dll
0x00007ffa82bf0000 - 0x00007ffa82c1e000 	C:\WINDOWS\SYSTEM32\Wldp.dll
0x00007ffa84910000 - 0x00007ffa849dd000 	C:\WINDOWS\System32\OLEAUT32.dll
0x00007ffa842c0000 - 0x00007ffa8436d000 	C:\WINDOWS\System32\SHCORE.dll
0x00007ffa83ce0000 - 0x00007ffa83d35000 	C:\WINDOWS\System32\shlwapi.dll
0x00007ffa83150000 - 0x00007ffa83174000 	C:\WINDOWS\SYSTEM32\profapi.dll
0x00007ffa48a20000 - 0x00007ffa48af7000 	C:\Users\clemm\.gradle\jdks\eclipse_adoptium-21-amd64-windows.2\bin\jsvml.dll
0x00007ffa639c0000 - 0x00007ffa639d0000 	C:\Users\clemm\.gradle\jdks\eclipse_adoptium-21-amd64-windows.2\bin\net.dll
0x00007ffa7c7f0000 - 0x00007ffa7c8fd000 	C:\WINDOWS\SYSTEM32\WINHTTP.dll
0x00007ffa828d0000 - 0x00007ffa8293a000 	C:\WINDOWS\system32\mswsock.dll
0x00007ffa5a120000 - 0x00007ffa5a136000 	C:\Users\clemm\.gradle\jdks\eclipse_adoptium-21-amd64-windows.2\bin\nio.dll
0x00007ffa55100000 - 0x00007ffa55118000 	C:\Users\clemm\.gradle\jdks\eclipse_adoptium-21-amd64-windows.2\bin\zip.dll
0x00007ffa4b4a0000 - 0x00007ffa4b51b000 	C:\Users\clemm\AppData\Local\Temp\lwjgl_clemm\3.3.4+7\x64\lwjgl.dll
0x00007ffa49d40000 - 0x00007ffa49dc5000 	C:\Users\clemm\AppData\Local\Temp\lwjgl_clemm\3.3.4+7\x64\glfw.dll
0x00007ffa61f30000 - 0x00007ffa61f75000 	C:\WINDOWS\SYSTEM32\dinput8.dll
0x00007ffa77ae0000 - 0x00007ffa77af1000 	C:\WINDOWS\SYSTEM32\xinput1_4.dll
0x00007ffa83740000 - 0x00007ffa8378e000 	C:\WINDOWS\System32\cfgmgr32.dll
0x00007ffa82fa0000 - 0x00007ffa82fd3000 	C:\WINDOWS\SYSTEM32\DEVOBJ.dll
0x00007ffa80eb0000 - 0x00007ffa80edf000 	C:\WINDOWS\SYSTEM32\dwmapi.dll
0x00007ffa533f0000 - 0x00007ffa53542000 	C:\WINDOWS\SYSTEM32\inputhost.dll
0x00007ffa7fa90000 - 0x00007ffa7fbe7000 	C:\WINDOWS\SYSTEM32\wintypes.dll
0x00007ffa7f510000 - 0x00007ffa7f602000 	C:\WINDOWS\SYSTEM32\CoreMessaging.dll
0x00007ffa7f040000 - 0x00007ffa7f39b000 	C:\WINDOWS\SYSTEM32\CoreUIComponents.dll
0x00007ffa80410000 - 0x00007ffa80506000 	C:\WINDOWS\SYSTEM32\PROPSYS.dll
0x00007ffa82310000 - 0x00007ffa82343000 	C:\WINDOWS\SYSTEM32\ntmarta.dll
0x00007ffa80bd0000 - 0x00007ffa80c6e000 	C:\WINDOWS\system32\uxtheme.dll
0x00007ffa85980000 - 0x00007ffa85a94000 	C:\WINDOWS\System32\MSCTF.dll
0x00007ffa53270000 - 0x00007ffa53398000 	C:\WINDOWS\SYSTEM32\opengl32.dll
0x00007ffa66970000 - 0x00007ffa6699c000 	C:\WINDOWS\SYSTEM32\GLU32.dll
0x00007ffa83e10000 - 0x00007ffa83eb9000 	C:\WINDOWS\System32\clbcatq.dll
0x00007ff9daed0000 - 0x00007ff9df15a000 	C:\WINDOWS\System32\DriverStore\FileRepository\nv_dispig.inf_amd64_7e5fd280efaa5445\nvoglv64.dll
0x00007ffa84480000 - 0x00007ffa848ee000 	C:\WINDOWS\System32\SETUPAPI.dll
0x00007ffa83ec0000 - 0x00007ffa83feb000 	C:\WINDOWS\System32\ole32.dll
0x00007ffa7da30000 - 0x00007ffa7da44000 	C:\WINDOWS\SYSTEM32\WTSAPI32.dll
0x00007ffa82dd0000 - 0x00007ffa82de2000 	C:\WINDOWS\SYSTEM32\msasn1.dll
0x00007ffa7c700000 - 0x00007ffa7c731000 	C:\WINDOWS\SYSTEM32\cryptnet.dll
0x00007ffa83790000 - 0x00007ffa838ee000 	C:\WINDOWS\System32\CRYPT32.dll
0x00007ffa7c060000 - 0x00007ffa7c1a7000 	C:\WINDOWS\SYSTEM32\drvstore.dll
0x00007ffa82b20000 - 0x00007ffa82b2c000 	C:\WINDOWS\SYSTEM32\cryptbase.dll
0x00007ffa833a0000 - 0x00007ffa83409000 	C:\WINDOWS\System32\WINTRUST.dll
0x00007ffa7ad00000 - 0x00007ffa7ad3b000 	C:\WINDOWS\SYSTEM32\dxcore.dll
0x00007ffa39f80000 - 0x00007ffa3a243000 	C:\WINDOWS\system32\nvspcap64.dll
0x00007ffa829a0000 - 0x00007ffa829fb000 	C:\WINDOWS\SYSTEM32\WINSTA.dll
0x00007ffa53740000 - 0x00007ffa53839000 	C:\WINDOWS\SYSTEM32\textinputframework.dll
0x00007ffa489b0000 - 0x00007ffa48a11000 	C:\Users\clemm\AppData\Local\Temp\lwjgl_clemm\3.3.4+7\x64\lwjgl_opengl.dll

dbghelp: loaded successfully - version: 4.0.5 - missing functions: none
symbol engine: initialized successfully - sym options: 0x614 - pdb path: .;C:\Users\clemm\.gradle\jdks\eclipse_adoptium-21-amd64-windows.2\bin;C:\WINDOWS\SYSTEM32;C:\WINDOWS\WinSxS\amd64_microsoft.windows.common-controls_6595b64144ccf1df_6.0.19041.4355_none_60b8b9eb71f62e16;C:\Users\clemm\.gradle\jdks\eclipse_adoptium-21-amd64-windows.2\bin\server;C:\Users\clemm\AppData\Local\Temp\lwjgl_clemm\3.3.4+7\x64;C:\WINDOWS\System32\DriverStore\FileRepository\nv_dispig.inf_amd64_7e5fd280efaa5445

VM Arguments:
jvm_args: -Dfile.encoding=windows-1252 -Duser.country=DE -Duser.language=de -Duser.variant 
java_command: de.cdlemmi.vte.App
java_class_path (initial): D:\Programming\Java Projects\voxel-terrain-engine\app\build\classes\java\main;D:\Programming\Java Projects\voxel-terrain-engine\app\build\classes\groovy\main;D:\Programming\Java Projects\voxel-terrain-engine\app\build\resources\main;C:\Users\clemm\.gradle\caches\modules-2\files-2.1\org.lwjgl\lwjgl-assimp\3.3.4\4651577de25afb21511c4b39e1ee3002ab1cad5d\lwjgl-assimp-3.3.4.jar;C:\Users\clemm\.gradle\caches\modules-2\files-2.1\org.lwjgl\lwjgl-assimp\3.3.4\65a7534e8a97b340c5e9716e15339b2b8964d656\lwjgl-assimp-3.3.4-natives-windows.jar;C:\Users\clemm\.gradle\caches\modules-2\files-2.1\org.lwjgl\lwjgl-glfw\3.3.4\7e46ecdec85db8738053cfde1414352cd62dab74\lwjgl-glfw-3.3.4.jar;C:\Users\clemm\.gradle\caches\modules-2\files-2.1\org.lwjgl\lwjgl-glfw\3.3.4\370ef92d15819a123c643dd2b0fc3a2d40bb263c\lwjgl-glfw-3.3.4-natives-windows.jar;C:\Users\clemm\.gradle\caches\modules-2\files-2.1\org.lwjgl\lwjgl-openal\3.3.4\9b74d3ea380c83353d42af43ad9659e04dabe84a\lwjgl-openal-3.3.4.jar;C:\Users\clemm\.gradle\caches\modules-2\files-2.1\org.lwjgl\lwjgl-openal\3.3.4\c4de8af803aacda71044418095a71cd63b569a15\lwjgl-openal-3.3.4-natives-windows.jar;C:\Users\clemm\.gradle\caches\modules-2\files-2.1\org.lwjgl\lwjgl-opengl\3.3.4\2852ac7d9f6fc71349f1ce28e2708ff1977f18af\lwjgl-opengl-3.3.4.jar;C:\Users\clemm\.gradle\caches\modules-2\files-2.1\org.lwjgl\lwjgl-opengl\3.3.4\f7ca4e75573a9ce83075bd86bc8a3e49ff106696\lwjgl-opengl-3.3.4-natives-windows.jar;C:\Users\clemm\.gradle\caches\modules-2\files-2.1\org.lwjgl\lwjgl-stb\3.3.4\5821735d5ef23f6da8542887344e57eb181b7cac\lwjgl-stb-3.3.4.jar;C:\Users\clemm\.gradle\caches\modules-2\files-2.1\org.lwjgl\lwjgl-stb\3.3.4\8310e565463ec8d369528e8b26a9b1518d079a01\lwjgl-stb-3.3.4-natives-windows.jar;C:\Users\clemm\.gradle\caches\modules-2\files-2.1\org.lwjgl\lwjgl\3.3.4\b86c3e4832426e8a6b466013b7cb34b40e9ce956\lwjgl-3.3.4.jar;C:\Users\clemm\.gradle\caches\modules-2\files-2.1\org.lwjgl\lwjgl\3.3.4\dd0927c1348cdcd9573fa24b7278ec1ac2bb0a76\lwjgl-3.3.4-natives-windows.jar;C:\Users\clemm\.gradle\caches\modules-2\files-2.1\com.google.guava\guava\33.1.0-jre\9b7ed39143d59e8eabcc6f91ffe4d23db2efe558\guava-33.1.0-jre.jar;C:\Users\clemm\.gradle\caches\modules-2\files-2.1\com.google.guava\failureaccess\1.0.2\c4a06a64e650562f30b7bf9aaec1bfed43aca12b\failureaccess-1.0.2.jar;C:\Users\clemm\.gradle\caches\modules-2\files-2.1\com.google.guava\listenablefuture\9999.0-empty-to-avoid-conflict-with-guava\b421526c5f297295adef1c886e5246c39d4ac629\listenablefuture-9999.0-empty-to-avoid-conflict-with-guava.jar;C:\Users\clemm\.gradle\caches\modules-2\files-2.1\com.google.code.findbugs\jsr305\3.0.2\25ea2e8b0c338a877313bd4672d3fe056ea78f0d\jsr305-3.0.2.jar;C:\Users\clemm\.gradle\caches\modules-2\files-2.1\org.checkerframework\checker-qual\3.42.0\638ec33f363a94d41a4f03c3e7d3dcfba64e402d\checker-qual-3.42.0.jar;C:\Users\clemm\.gradle\caches\modules-2\files-2.1\com.google.errorprone\error_prone_annotations\2.26.1\c1fde57694bdc14e8618899aaa6e857d9465d7de\error_prone_annotations-2.26.1.jar
Launcher Type: SUN_STANDARD

[Global flags]
     intx CICompilerCount                          = 4                                         {product} {ergonomic}
     uint ConcGCThreads                            = 3                                         {product} {ergonomic}
     uint G1ConcRefinementThreads                  = 10                                        {product} {ergonomic}
   size_t G1HeapRegionSize                         = 2097152                                   {product} {ergonomic}
    uintx GCDrainStackTargetSize                   = 64                                        {product} {ergonomic}
   size_t InitialHeapSize                          = 268435456                                 {product} {ergonomic}
   size_t MarkStackSize                            = 4194304                                   {product} {ergonomic}
   size_t MaxHeapSize                              = 4282384384                                {product} {ergonomic}
   size_t MaxNewSize                               = 2569011200                                {product} {ergonomic}
   size_t MinHeapDeltaBytes                        = 2097152                                   {product} {ergonomic}
   size_t MinHeapSize                              = 8388608                                   {product} {ergonomic}
    uintx NonNMethodCodeHeapSize                   = 5839372                                {pd product} {ergonomic}
    uintx NonProfiledCodeHeapSize                  = 122909434                              {pd product} {ergonomic}
    uintx ProfiledCodeHeapSize                     = 122909434                              {pd product} {ergonomic}
    uintx ReservedCodeCacheSize                    = 251658240                              {pd product} {ergonomic}
     bool SegmentedCodeCache                       = true                                      {product} {ergonomic}
   size_t SoftMaxHeapSize                          = 4282384384                             {manageable} {ergonomic}
     bool UseCompressedOops                        = true                           {product lp64_product} {ergonomic}
     bool UseG1GC                                  = true                                      {product} {ergonomic}
     bool UseLargePagesIndividualAllocation        = false                                  {pd product} {ergonomic}

Logging:
Log output configuration:
 #0: stdout all=warning uptime,level,tags foldmultilines=false
 #1: stderr all=off uptime,level,tags foldmultilines=false

Environment Variables:
JAVA_HOME=C:\Program Files\Java\jdk-22.0.1
PATH=c:\windows\system32;c:\windows;c:\windows\system32\wbem;c:\windows\system32\windowspowershell\v1.0\;c:\windows\system32\openssh\;c:\program files\nvidia corporation\nvidia nvdlisr;c:\program files\nvidia corporation\nvidia ngx;C:\Program Files (x86)\NVIDIA Corporation\PhysX\Common;C:\WINDOWS\system32;C:\WINDOWS;C:\WINDOWS\System32\Wbem;C:\WINDOWS\System32\WindowsPowerShell\v1.0\;C:\WINDOWS\System32\OpenSSH\;D:\Git\Git\cmd;C:\Program Files (x86)\Windows Kits\10\Windows Performance Toolkit\;C:\Program Files\dotnet\;C:\Program Files\Git\cmd;C:\Program Files\Java\jdk-22.0.1\bin;C:\Program Files\gradle-8.9\bin;C:\Users\clemm\AppData\Local\Microsoft\WindowsApps;C:\Users\clemm\AppData\Local\Programs\Microsoft VS Code\bin;C:\Users\clemm\AppData\Local\Programs\MiKTeX\miktex\bin\x64\;D:\Programming\editors\IntelliJ IDEA Community Edition 2023.3.3\bin;C:\Users\clemm\.dotnet\tools;C:\Program Files\apache-maven-3.9.6\bin;C:\Users\clemm\AppData\Local\Programs\Python\Python312\python.exe;C:\Users\clemm\AppData\Local\JetBrains\Toolbox\scripts;C:\Users\clemm\AppData\Local\Muse Hub\lib
USERNAME=clemm
OS=Windows_NT
PROCESSOR_IDENTIFIER=AMD64 Family 23 Model 113 Stepping 0, AuthenticAMD
TMP=C:\Users\clemm\AppData\Local\Temp
TEMP=C:\Users\clemm\AppData\Local\Temp




Periodic native trim disabled

---------------  S Y S T E M  ---------------

OS:
 Windows 10 , 64 bit Build 19041 (10.0.19041.4717)
OS uptime: 0 days 5:54 hours

CPU: total 12 (initial active 12) (12 cores per cpu, 2 threads per core) family 23 model 113 stepping 0 microcode 0x0, cx8, cmov, fxsr, ht, mmx, 3dnowpref, sse, sse2, sse3, ssse3, sse4a, sse4.1, sse4.2, popcnt, lzcnt, tsc, tscinvbit, avx, avx2, aes, clmul, bmi1, bmi2, adx, sha, fma, vzeroupper, clflush, clflushopt, rdtscp, rdpid, f16c
Processor Information for all 12 processors :
  Max Mhz: 3600, Current Mhz: 3600, Mhz Limit: 3600

Memory: 4k page, system-wide physical 16333M (4678M free)
TotalPageFile size 25037M (AvailPageFile size 7189M)
current process WorkingSet (physical memory assigned to process): 87M, peak: 87M
current process commit charge ("private bytes"): 398M, peak: 398M

vm_info: OpenJDK 64-Bit Server VM (21.0.4+7-LTS) for windows-amd64 JRE (21.0.4+7-LTS), built on 2024-07-16T00:00:00Z by "admin" with MS VC++ 17.7 (VS2022)

END.
